Log file open, 07/12/22 13:31:49
LogWindows: Failed to load 'aqProf.dll' (GetLastError=126)
LogWindows: File 'aqProf.dll' does not exist
LogWindows: Failed to load 'VtuneApi.dll' (GetLastError=126)
LogWindows: File 'VtuneApi.dll' does not exist
LogWindows: Failed to load 'VtuneApi32e.dll' (GetLastError=126)
LogWindows: File 'VtuneApi32e.dll' does not exist
LogConsoleResponse: Display: Failed to find resolution value strings in scalability ini. Falling back to default.
LogConsoleResponse: Display: Failed to find resolution value strings in scalability ini. Falling back to default.
LogPakFile: Display: Found Pak file ../../../MDS_Networking/Content/Paks/MDS_Networking-WindowsNoEditor.pak attempting to mount.
LogPakFile: Display: Mounting pak file ../../../MDS_Networking/Content/Paks/MDS_Networking-WindowsNoEditor.pak.
LogPakFile: PakFile PrimaryIndexSize=30074
LogPakFile: PakFile PathHashIndexSize=47883
LogPakFile: PakFile FullDirectoryIndexSize=63037
LogShaderLibrary: Display: ShaderCodeLibraryPakFileMountedCallback: PakFile '../../../MDS_Networking/Content/Paks/MDS_Networking-WindowsNoEditor.pak' (chunk index -1, root '../../../') mounted
LogShaderLibrary: Display: ShaderCodeLibraryPakFileMountedCallback: pending pak file info (ChunkID:-1 Root:../../../ File:../../../MDS_Networking/Content/Paks/MDS_Networking-WindowsNoEditor.pak)
LogPakFile: OnPakFileMounted2Time == 0.000032
LogPlatformFile: Not using cached read wrapper
LogTaskGraph: Started task graph with 5 named threads and 23 total threads with 3 sets of task threads.
LogStats: Stats thread started at 0.086911
LogICUInternationalization: ICU TimeZone Detection - Raw Offset: +12:00, Platform Override: ''
LogInit: Display: Loading text-based GConfig....
LogPluginManager: Mounting plugin OnlineSubsystemSteam
LogPluginManager: Mounting plugin OnlineSubsystem
LogPluginManager: Mounting plugin OnlineSubsystemUtils
LogPluginManager: Mounting plugin SteamShared
LogPluginManager: Mounting plugin Paper2D
LogPluginManager: Mounting plugin AISupport
LogPluginManager: Mounting plugin EnvironmentQueryEditor
LogPluginManager: Mounting plugin LightPropagationVolume
LogPluginManager: Mounting plugin CameraShakePreviewer
LogPluginManager: Mounting plugin GameplayCameras
LogPluginManager: Mounting plugin TemplateSequence
LogPluginManager: Mounting plugin LevelSequenceEditor
LogPluginManager: Mounting plugin OodleData
LogPluginManager: Mounting plugin OodleNetwork
LogPluginManager: Mounting plugin AnimationSharing
LogPluginManager: Mounting plugin SignificanceManager
LogPluginManager: Mounting plugin PixWinPlugin
LogPluginManager: Mounting plugin PluginUtils
LogPluginManager: Mounting plugin PropertyAccessEditor
LogPluginManager: Mounting plugin UObjectPlugin
LogPluginManager: Mounting plugin AssetManagerEditor
LogPluginManager: Mounting plugin FacialAnimation
LogPluginManager: Mounting plugin GeometryMode
LogPluginManager: Mounting plugin SpeedTreeImporter
LogPluginManager: Mounting plugin DatasmithContent
LogPluginManager: Mounting plugin VariantManagerContent
LogPluginManager: Mounting plugin AlembicImporter
LogPluginManager: Mounting plugin GeometryCache
LogPluginManager: Mounting plugin AutomationUtils
LogPluginManager: Mounting plugin ScreenshotTools
LogPluginManager: Mounting plugin BackChannel
LogPluginManager: Mounting plugin ChaosClothEditor
LogPluginManager: Mounting plugin ChaosCloth
LogPluginManager: Mounting plugin ChaosEditor
LogPluginManager: Mounting plugin PlanarCut
LogPluginManager: Mounting plugin GeometryProcessing
LogPluginManager: Mounting plugin EditableMesh
LogPluginManager: Mounting plugin GeometryCollectionPlugin
LogPluginManager: Mounting plugin ProceduralMeshComponent
LogPluginManager: Mounting plugin ChaosSolverPlugin
LogPluginManager: Mounting plugin ChaosNiagara
LogPluginManager: Mounting plugin Niagara
LogPluginManager: Mounting plugin PythonScriptPlugin
LogPluginManager: Mounting plugin CharacterAI
LogPluginManager: Mounting plugin MotoSynth
LogPluginManager: Mounting plugin OpenImageDenoise
LogPluginManager: Mounting plugin PlatformCrypto
LogPluginManager: Mounting plugin MagicLeapPassableWorld
LogPluginManager: Mounting plugin MagicLeap
LogPluginManager: Mounting plugin MLSDK
LogPluginManager: Mounting plugin MagicLeapLightEstimation
LogPluginManager: Mounting plugin AvfMedia
LogPluginManager: Mounting plugin ImgMedia
LogPluginManager: Mounting plugin MediaCompositing
LogPluginManager: Mounting plugin WmfMedia
LogPluginManager: Mounting plugin MeshPainting
LogPluginManager: Mounting plugin TcpMessaging
LogPluginManager: Mounting plugin UdpMessaging
LogPluginManager: Mounting plugin ActorSequence
LogPluginManager: Mounting plugin MatineeToLevelSequence
LogPluginManager: Mounting plugin OnlineSubsystemNull
LogPluginManager: Mounting plugin LauncherChunkInstaller
LogPluginManager: Mounting plugin ActorLayerUtilities
LogPluginManager: Mounting plugin AndroidPermission
LogPluginManager: Mounting plugin AppleImageUtils
LogPluginManager: Mounting plugin ArchVisCharacter
LogPluginManager: Mounting plugin AssetTags
LogPluginManager: Mounting plugin AudioCapture
LogPluginManager: Mounting plugin CableComponent
LogPluginManager: Mounting plugin ChunkDownloader
LogPluginManager: Mounting plugin CustomMeshComponent
LogPluginManager: Mounting plugin ExampleDeviceProfileSelector
LogPluginManager: Mounting plugin GooglePAD
LogPluginManager: Mounting plugin LocationServicesBPLibrary
LogPluginManager: Mounting plugin MobilePatchingUtils
LogPluginManager: Mounting plugin OculusVR
LogPluginManager: Mounting plugin OpenXREyeTracker
LogPluginManager: Mounting plugin OpenXR
LogPluginManager: Mounting plugin OpenXRHandTracking
LogPluginManager: Mounting plugin LiveLink
LogPluginManager: Mounting plugin Takes
LogPluginManager: Mounting plugin PhysXVehicles
LogPluginManager: Mounting plugin RuntimePhysXCooking
LogPluginManager: Mounting plugin SoundFields
LogPluginManager: Mounting plugin SteamVR
LogPluginManager: Mounting plugin Synthesis
LogPluginManager: Mounting plugin AudioSynesthesia
LogPluginManager: Mounting plugin WebMMoviePlayer
LogPluginManager: Mounting plugin WebMMedia
LogPluginManager: Mounting plugin WindowsMoviePlayer
LogInit: Using libcurl 7.55.1-DEV
LogInit:  - built for x86_64-pc-win32
LogInit:  - supports SSL with OpenSSL/1.1.1
LogInit:  - supports HTTP deflate (compression) using libz 1.2.8
LogInit:  - other features:
LogInit:      CURL_VERSION_SSL
LogInit:      CURL_VERSION_LIBZ
LogInit:      CURL_VERSION_IPV6
LogInit:      CURL_VERSION_ASYNCHDNS
LogInit:      CURL_VERSION_LARGEFILE
LogInit:      CURL_VERSION_IDN
LogInit:  CurlRequestOptions (configurable via config and command line):
LogInit:  - bVerifyPeer = true  - Libcurl will verify peer certificate
LogInit:  - bUseHttpProxy = false  - Libcurl will NOT use HTTP proxy
LogInit:  - bDontReuseConnections = false  - Libcurl will reuse connections
LogInit:  - MaxHostConnections = 16  - Libcurl will limit the number of connections to a host
LogInit:  - LocalHostAddr = Default
LogInit:  - BufferSize = 65536
LogSteamShared: Display: Loading Steam SDK 1.51
LogSteamShared: Steam SDK Loaded!
LogOnline: OSS: Creating online subsystem instance for: Steam
LogSteamShared: Warning: SteamAPI failed to initialize, conditions not met.
LogOnline: Warning: STEAM: Steamworks: SteamUtils() failed!
LogOnline: Warning: STEAM: Steamworks: SteamUser() failed!
LogOnline: Warning: STEAM: Steamworks: SteamFriends() failed!
LogOnline: Warning: STEAM: Steamworks: SteamRemoteStorage() failed!
LogOnline: Warning: STEAM: Steamworks: SteamUserStats() failed!
LogOnline: Warning: STEAM: Steamworks: SteamMatchmakingServers() failed!
LogOnline: Warning: STEAM: Steamworks: SteamApps() failed!
LogOnline: Warning: STEAM: Steamworks: SteamNetworking() failed!
LogOnline: Warning: STEAM: Steamworks: SteamMatchmaking() failed!
LogOnline: STEAM: [AppId: 0] Client API initialized 0
LogOnline: Display: STEAM: OnlineSubsystemSteam::Shutdown()
LogOnline: Warning: STEAM: Steam API failed to initialize!
LogOnline: Display: STEAM: OnlineSubsystemSteam::Shutdown()
LogOnline: OSS: Unable to create OnlineSubsystem module Steam
LogOnline: OSS: Creating online subsystem instance for: NULL
LogInit: WinSock: version 1.1 (2.2), MaxSocks=32767, MaxUdp=65467
LogOnline: OSS: TryLoadSubsystemAndSetDefault: Loaded subsystem for module [NULL]
PixWinPlugin: PIX capture plugin failed to initialize! Check that the process is launched from PIX.
LogLuminAPIImpl: Warning: MLSDK not found.  This likely means the MLSDK environment variable is not set.
LogOculusPluginWrapper: OculusPlugin initialized successfully
LogHMD: Failed initializing OVRPlugin 1.59.0
LogInit: Build: ++UE4+Release-4.27-CL-18319896
LogInit: Engine Version: 4.27.2-18319896+++UE4+Release-4.27
LogInit: Compatible Engine Version: 4.27.0-17155196+++UE4+Release-4.27
LogInit: Net CL: 17155196
LogInit: OS: Windows 10 (Release 2009) (), CPU:        Intel(R) Core(TM) i7-3770K CPU @ 3.50GHz, GPU: AMD Radeon HD 7700 Series
LogInit: Compiled (64-bit): Nov 30 2021 07:26:28
LogInit: Compiled with Visual C++: 19.16.27032.01
LogInit: Build Configuration: Development
LogInit: Branch Name: ++UE4+Release-4.27
LogInit: Command Line:  -log
LogInit: Base Directory: C:/Users/User/Documents/GitHub/MDS_Networking/Packaged/WindowsNoEditor/MDS_Networking/Binaries/Win64/
LogInit: Allocator: binned2
LogInit: Installed Engine Build: 0
LogDevObjectVersion: Number of dev versions registered: 29
LogDevObjectVersion:   Dev-Blueprints (B0D832E4-1F89-4F0D-ACCF-7EB736FD4AA2): 10
LogDevObjectVersion:   Dev-Build (E1C64328-A22C-4D53-A36C-8E866417BD8C): 0
LogDevObjectVersion:   Dev-Core (375EC13C-06E4-48FB-B500-84F0262A717E): 4
LogDevObjectVersion:   Dev-Editor (E4B068ED-F494-42E9-A231-DA0B2E46BB41): 40
LogDevObjectVersion:   Dev-Framework (CFFC743F-43B0-4480-9391-14DF171D2073): 37
LogDevObjectVersion:   Dev-Mobile (B02B49B5-BB20-44E9-A304-32B752E40360): 3
LogDevObjectVersion:   Dev-Networking (A4E4105C-59A1-49B5-A7C5-40C4547EDFEE): 0
LogDevObjectVersion:   Dev-Online (39C831C9-5AE6-47DC-9A44-9C173E1C8E7C): 0
LogDevObjectVersion:   Dev-Physics (78F01B33-EBEA-4F98-B9B4-84EACCB95AA2): 14
LogDevObjectVersion:   Dev-Platform (6631380F-2D4D-43E0-8009-CF276956A95A): 0
LogDevObjectVersion:   Dev-Rendering (12F88B9F-8875-4AFC-A67C-D90C383ABD29): 45
LogDevObjectVersion:   Dev-Sequencer (7B5AE74C-D270-4C10-A958-57980B212A5A): 13
LogDevObjectVersion:   Dev-VR (D7296918-1DD6-4BDD-9DE2-64A83CC13884): 3
LogDevObjectVersion:   Dev-LoadTimes (C2A15278-BFE7-4AFE-6C17-90FF531DF755): 1
LogDevObjectVersion:   Private-Geometry (6EACA3D4-40EC-4CC1-B786-8BED09428FC5): 3
LogDevObjectVersion:   Dev-AnimPhys (29E575DD-E0A3-4627-9D10-D276232CDCEA): 17
LogDevObjectVersion:   Dev-Anim (AF43A65D-7FD3-4947-9873-3E8ED9C1BB05): 15
LogDevObjectVersion:   Dev-ReflectionCapture (6B266CEC-1EC7-4B8F-A30B-E4D90942FC07): 1
LogDevObjectVersion:   Dev-Automation (0DF73D61-A23F-47EA-B727-89E90C41499A): 1
LogDevObjectVersion:   FortniteMain (601D1886-AC64-4F84-AA16-D3DE0DEAC7D6): 47
LogDevObjectVersion:   FortniteRelease (E7086368-6B23-4C58-8439-1B7016265E91): 1
LogDevObjectVersion:   Dev-Enterprise (9DFFBCD6-494F-0158-E221-12823C92A888): 10
LogDevObjectVersion:   Dev-Niagara (F2AED0AC-9AFE-416F-8664-AA7FFA26D6FC): 1
LogDevObjectVersion:   Dev-Destruction (174F1F0B-B4C6-45A5-B13F-2EE8D0FB917D): 10
LogDevObjectVersion:   Dev-Physics-Ext (35F94A83-E258-406C-A318-09F59610247C): 41
LogDevObjectVersion:   Dev-PhysicsMaterial-Chaos (B68FC16E-8B1B-42E2-B453-215C058844FE): 1
LogDevObjectVersion:   Dev-CineCamera (B2E18506-4273-CFC2-A54E-F4BB758BBA07): 1
LogDevObjectVersion:   Dev-VirtualProduction (64F58936-FD1B-42BA-BA96-7289D5D0FA4E): 1
LogDevObjectVersion:   Dev-MediaFramework (6F0ED827-A609-4895-9C91-998D90180EA4): 2
LogInit: Presizing for max 2097152 objects, including 1 objects not considered by GC, pre-allocating 0 bytes for permanent pool.
LogConfig: Applying CVar settings from Section [/Script/Engine.StreamingSettings] File [../../../MDS_Networking/Saved/Config/WindowsNoEditor/Engine.ini]
LogConfig: Setting CVar [[s.MinBulkDataSizeForAsyncLoading:131072]]
LogConfig: Setting CVar [[s.AsyncLoadingThreadEnabled:0]]
LogConfig: Setting CVar [[s.EventDrivenLoaderEnabled:1]]
LogConfig: Setting CVar [[s.WarnIfTimeLimitExceeded:0]]
LogConfig: Setting CVar [[s.TimeLimitExceededMultiplier:1.5]]
LogConfig: Setting CVar [[s.TimeLimitExceededMinTime:0.005]]
LogConfig: Setting CVar [[s.UseBackgroundLevelStreaming:1]]
LogConfig: Setting CVar [[s.PriorityAsyncLoadingExtraTime:15.0]]
LogConfig: Setting CVar [[s.LevelStreamingActorsUpdateTimeLimit:5.0]]
LogConfig: Setting CVar [[s.PriorityLevelStreamingActorsUpdateExtraTime:5.0]]
LogConfig: Setting CVar [[s.LevelStreamingComponentsRegistrationGranularity:10]]
LogConfig: Setting CVar [[s.UnregisterComponentsTimeLimit:1.0]]
LogConfig: Setting CVar [[s.LevelStreamingComponentsUnregistrationGranularity:5]]
LogConfig: Setting CVar [[s.FlushStreamingOnExit:1]]
LogStreaming: Display: Async Loading initialized: Event Driven Loader: true, Async Loading Thread: false, Async Post Load: true
LogInit: Object subsystem initialized
LogConfig: Setting CVar [[con.DebugEarlyDefault:1]]
LogConfig: Setting CVar [[r.setres:1280x720]]
LogConfig: Setting CVar [[fx.NiagaraAllowRuntimeScalabilityChanges:1]]
[2022.07.12-01.31.51:862][  0]LogConfig: Setting CVar [[con.DebugEarlyDefault:1]]
[2022.07.12-01.31.51:863][  0]LogConfig: Setting CVar [[r.setres:1280x720]]
[2022.07.12-01.31.51:863][  0]LogConfig: Setting CVar [[fx.NiagaraAllowRuntimeScalabilityChanges:1]]
[2022.07.12-01.31.51:863][  0]LogConfig: Applying CVar settings from Section [/Script/Engine.RendererSettings] File [../../../MDS_Networking/Saved/Config/WindowsNoEditor/Engine.ini]
[2022.07.12-01.31.51:863][  0]LogConfig: Setting CVar [[r.GPUCrashDebugging:0]]
[2022.07.12-01.31.51:863][  0]LogConfig: Applying CVar settings from Section [/Script/Engine.RendererOverrideSettings] File [../../../MDS_Networking/Saved/Config/WindowsNoEditor/Engine.ini]
[2022.07.12-01.31.51:864][  0]LogConfig: Applying CVar settings from Section [/Script/Engine.StreamingSettings] File [../../../MDS_Networking/Saved/Config/WindowsNoEditor/Engine.ini]
[2022.07.12-01.31.51:864][  0]LogConfig: Setting CVar [[s.MinBulkDataSizeForAsyncLoading:131072]]
[2022.07.12-01.31.51:864][  0]LogConfig: Setting CVar [[s.AsyncLoadingThreadEnabled:0]]
[2022.07.12-01.31.51:864][  0]LogConfig: Setting CVar [[s.EventDrivenLoaderEnabled:1]]
[2022.07.12-01.31.51:865][  0]LogConfig: Setting CVar [[s.WarnIfTimeLimitExceeded:0]]
[2022.07.12-01.31.51:865][  0]LogConfig: Setting CVar [[s.TimeLimitExceededMultiplier:1.5]]
[2022.07.12-01.31.51:865][  0]LogConfig: Setting CVar [[s.TimeLimitExceededMinTime:0.005]]
[2022.07.12-01.31.51:865][  0]LogConfig: Setting CVar [[s.UseBackgroundLevelStreaming:1]]
[2022.07.12-01.31.51:866][  0]LogConfig: Setting CVar [[s.PriorityAsyncLoadingExtraTime:15.0]]
[2022.07.12-01.31.51:866][  0]LogConfig: Setting CVar [[s.LevelStreamingActorsUpdateTimeLimit:5.0]]
[2022.07.12-01.31.51:866][  0]LogConfig: Setting CVar [[s.PriorityLevelStreamingActorsUpdateExtraTime:5.0]]
[2022.07.12-01.31.51:866][  0]LogConfig: Setting CVar [[s.LevelStreamingComponentsRegistrationGranularity:10]]
[2022.07.12-01.31.51:866][  0]LogConfig: Setting CVar [[s.UnregisterComponentsTimeLimit:1.0]]
[2022.07.12-01.31.51:867][  0]LogConfig: Setting CVar [[s.LevelStreamingComponentsUnregistrationGranularity:5]]
[2022.07.12-01.31.51:869][  0]LogConfig: Setting CVar [[s.FlushStreamingOnExit:1]]
[2022.07.12-01.31.51:869][  0]LogConfig: Applying CVar settings from Section [/Script/Engine.GarbageCollectionSettings] File [../../../MDS_Networking/Saved/Config/WindowsNoEditor/Engine.ini]
[2022.07.12-01.31.51:869][  0]LogConfig: Setting CVar [[gc.MaxObjectsNotConsideredByGC:1]]
[2022.07.12-01.31.51:870][  0]LogConfig: Setting CVar [[gc.SizeOfPermanentObjectPool:0]]
[2022.07.12-01.31.51:870][  0]LogConfig: Setting CVar [[gc.FlushStreamingOnGC:0]]
[2022.07.12-01.31.51:870][  0]LogConfig: Setting CVar [[gc.NumRetriesBeforeForcingGC:10]]
[2022.07.12-01.31.51:870][  0]LogConfig: Setting CVar [[gc.AllowParallelGC:1]]
[2022.07.12-01.31.51:870][  0]LogConfig: Setting CVar [[gc.TimeBetweenPurgingPendingKillObjects:61.1]]
[2022.07.12-01.31.51:871][  0]LogConfig: Setting CVar [[gc.MaxObjectsInEditor:25165824]]
[2022.07.12-01.31.51:871][  0]LogConfig: Setting CVar [[gc.IncrementalBeginDestroyEnabled:1]]
[2022.07.12-01.31.51:871][  0]LogConfig: Setting CVar [[gc.CreateGCClusters:1]]
[2022.07.12-01.31.51:871][  0]LogConfig: Setting CVar [[gc.MinGCClusterSize:5]]
[2022.07.12-01.31.51:872][  0]LogConfig: Setting CVar [[gc.ActorClusteringEnabled:0]]
[2022.07.12-01.31.51:872][  0]LogConfig: Setting CVar [[gc.BlueprintClusteringEnabled:0]]
[2022.07.12-01.31.51:872][  0]LogConfig: Setting CVar [[gc.UseDisregardForGCOnDedicatedServers:0]]
[2022.07.12-01.31.51:872][  0]LogConfig: Setting CVar [[gc.MultithreadedDestructionEnabled:1]]
[2022.07.12-01.31.51:872][  0]LogConfig: Applying CVar settings from Section [/Script/Engine.NetworkSettings] File [../../../MDS_Networking/Saved/Config/WindowsNoEditor/Engine.ini]
[2022.07.12-01.31.51:878][  0]LogConfig: Applying CVar settings from Section [ViewDistanceQuality@3] File [../../../MDS_Networking/Saved/Config/WindowsNoEditor/Scalability.ini]
[2022.07.12-01.31.51:879][  0]LogConfig: Setting CVar [[r.SkeletalMeshLODBias:0]]
[2022.07.12-01.31.51:879][  0]LogConfig: Setting CVar [[r.ViewDistanceScale:1.0]]
[2022.07.12-01.31.51:879][  0]LogConfig: Applying CVar settings from Section [AntiAliasingQuality@3] File [../../../MDS_Networking/Saved/Config/WindowsNoEditor/Scalability.ini]
[2022.07.12-01.31.51:879][  0]LogConfig: Setting CVar [[r.PostProcessAAQuality:4]]
[2022.07.12-01.31.51:880][  0]LogConfig: Applying CVar settings from Section [ShadowQuality@3] File [../../../MDS_Networking/Saved/Config/WindowsNoEditor/Scalability.ini]
[2022.07.12-01.31.51:880][  0]LogConfig: Setting CVar [[r.LightFunctionQuality:1]]
[2022.07.12-01.31.51:880][  0]LogConfig: Setting CVar [[r.ShadowQuality:5]]
[2022.07.12-01.31.51:880][  0]LogConfig: Setting CVar [[r.Shadow.CSM.MaxCascades:10]]
[2022.07.12-01.31.51:880][  0]LogConfig: Setting CVar [[r.Shadow.MaxResolution:2048]]
[2022.07.12-01.31.51:881][  0]LogConfig: Setting CVar [[r.Shadow.MaxCSMResolution:2048]]
[2022.07.12-01.31.51:881][  0]LogConfig: Setting CVar [[r.Shadow.RadiusThreshold:0.01]]
[2022.07.12-01.31.51:881][  0]LogConfig: Setting CVar [[r.Shadow.DistanceScale:1.0]]
[2022.07.12-01.31.51:881][  0]LogConfig: Setting CVar [[r.Shadow.CSM.TransitionScale:1.0]]
[2022.07.12-01.31.51:882][  0]LogConfig: Setting CVar [[r.Shadow.PreShadowResolutionFactor:1.0]]
[2022.07.12-01.31.51:882][  0]LogConfig: Setting CVar [[r.DistanceFieldShadowing:1]]
[2022.07.12-01.31.51:882][  0]LogConfig: Setting CVar [[r.DistanceFieldAO:1]]
[2022.07.12-01.31.51:882][  0]LogConfig: Setting CVar [[r.AOQuality:2]]
[2022.07.12-01.31.51:883][  0]LogConfig: Setting CVar [[r.VolumetricFog:1]]
[2022.07.12-01.31.51:885][  0]LogConfig: Setting CVar [[r.VolumetricFog.GridPixelSize:8]]
[2022.07.12-01.31.51:885][  0]LogConfig: Setting CVar [[r.VolumetricFog.GridSizeZ:128]]
[2022.07.12-01.31.51:885][  0]LogConfig: Setting CVar [[r.VolumetricFog.HistoryMissSupersampleCount:4]]
[2022.07.12-01.31.51:885][  0]LogConfig: Setting CVar [[r.LightMaxDrawDistanceScale:1]]
[2022.07.12-01.31.51:886][  0]LogConfig: Setting CVar [[r.CapsuleShadows:1]]
[2022.07.12-01.31.51:886][  0]LogConfig: Applying CVar settings from Section [PostProcessQuality@3] File [../../../MDS_Networking/Saved/Config/WindowsNoEditor/Scalability.ini]
[2022.07.12-01.31.51:886][  0]LogConfig: Setting CVar [[r.MotionBlurQuality:4]]
[2022.07.12-01.31.51:886][  0]LogConfig: Setting CVar [[r.AmbientOcclusionMipLevelFactor:0.4]]
[2022.07.12-01.31.51:886][  0]LogConfig: Setting CVar [[r.AmbientOcclusionMaxQuality:100]]
[2022.07.12-01.31.51:887][  0]LogConfig: Setting CVar [[r.AmbientOcclusionLevels:-1]]
[2022.07.12-01.31.51:887][  0]LogConfig: Setting CVar [[r.AmbientOcclusionRadiusScale:1.0]]
[2022.07.12-01.31.51:887][  0]LogConfig: Setting CVar [[r.DepthOfFieldQuality:2]]
[2022.07.12-01.31.51:887][  0]LogConfig: Setting CVar [[r.RenderTargetPoolMin:400]]
[2022.07.12-01.31.51:888][  0]LogConfig: Setting CVar [[r.LensFlareQuality:2]]
[2022.07.12-01.31.51:888][  0]LogConfig: Setting CVar [[r.SceneColorFringeQuality:1]]
[2022.07.12-01.31.51:888][  0]LogConfig: Setting CVar [[r.EyeAdaptationQuality:2]]
[2022.07.12-01.31.51:888][  0]LogConfig: Setting CVar [[r.BloomQuality:5]]
[2022.07.12-01.31.51:889][  0]LogConfig: Setting CVar [[r.FastBlurThreshold:100]]
[2022.07.12-01.31.51:889][  0]LogConfig: Setting CVar [[r.Upscale.Quality:3]]
[2022.07.12-01.31.51:889][  0]LogConfig: Setting CVar [[r.Tonemapper.GrainQuantization:1]]
[2022.07.12-01.31.51:889][  0]LogConfig: Setting CVar [[r.LightShaftQuality:1]]
[2022.07.12-01.31.51:890][  0]LogConfig: Setting CVar [[r.Filter.SizeScale:1]]
[2022.07.12-01.31.51:890][  0]LogConfig: Setting CVar [[r.Tonemapper.Quality:5]]
[2022.07.12-01.31.51:890][  0]LogConfig: Setting CVar [[r.DOF.Gather.AccumulatorQuality:1        ; higher gathering accumulator quality]]
[2022.07.12-01.31.51:890][  0]LogConfig: Setting CVar [[r.DOF.Gather.PostfilterMethod:1          ; Median3x3 postfilering method]]
[2022.07.12-01.31.51:891][  0]LogConfig: Setting CVar [[r.DOF.Gather.EnableBokehSettings:0       ; no bokeh simulation when gathering]]
[2022.07.12-01.31.51:891][  0]LogConfig: Setting CVar [[r.DOF.Gather.RingCount:4                 ; medium number of samples when gathering]]
[2022.07.12-01.31.51:891][  0]LogConfig: Setting CVar [[r.DOF.Scatter.ForegroundCompositing:1    ; additive foreground scattering]]
[2022.07.12-01.31.51:891][  0]LogConfig: Setting CVar [[r.DOF.Scatter.BackgroundCompositing:2    ; additive background scattering]]
[2022.07.12-01.31.51:891][  0]LogConfig: Setting CVar [[r.DOF.Scatter.EnableBokehSettings:1      ; bokeh simulation when scattering]]
[2022.07.12-01.31.51:892][  0]LogConfig: Setting CVar [[r.DOF.Scatter.MaxSpriteRatio:0.1         ; only a maximum of 10% of scattered bokeh]]
[2022.07.12-01.31.51:892][  0]LogConfig: Setting CVar [[r.DOF.Recombine.Quality:1                ; cheap slight out of focus]]
[2022.07.12-01.31.51:892][  0]LogConfig: Setting CVar [[r.DOF.Recombine.EnableBokehSettings:0    ; no bokeh simulation on slight out of focus]]
[2022.07.12-01.31.51:892][  0]LogConfig: Setting CVar [[r.DOF.TemporalAAQuality:1                ; more stable temporal accumulation]]
[2022.07.12-01.31.51:893][  0]LogConfig: Setting CVar [[r.DOF.Kernel.MaxForegroundRadius:0.025]]
[2022.07.12-01.31.51:893][  0]LogConfig: Setting CVar [[r.DOF.Kernel.MaxBackgroundRadius:0.025]]
[2022.07.12-01.31.51:893][  0]LogConfig: Applying CVar settings from Section [TextureQuality@3] File [../../../MDS_Networking/Saved/Config/WindowsNoEditor/Scalability.ini]
[2022.07.12-01.31.51:893][  0]LogConfig: Setting CVar [[r.Streaming.MipBias:0]]
[2022.07.12-01.31.51:894][  0]LogConfig: Setting CVar [[r.Streaming.AmortizeCPUToGPUCopy:0]]
[2022.07.12-01.31.51:894][  0]LogConfig: Setting CVar [[r.Streaming.MaxNumTexturesToStreamPerFrame:0]]
[2022.07.12-01.31.51:894][  0]LogConfig: Setting CVar [[r.Streaming.Boost:1]]
[2022.07.12-01.31.51:894][  0]LogConfig: Setting CVar [[r.MaxAnisotropy:8]]
[2022.07.12-01.31.51:895][  0]LogConfig: Setting CVar [[r.VT.MaxAnisotropy:8]]
[2022.07.12-01.31.51:895][  0]LogConfig: Setting CVar [[r.Streaming.LimitPoolSizeToVRAM:0]]
[2022.07.12-01.31.51:895][  0]LogConfig: Setting CVar [[r.Streaming.PoolSize:1000]]
[2022.07.12-01.31.51:895][  0]LogConfig: Setting CVar [[r.Streaming.MaxEffectiveScreenSize:0]]
[2022.07.12-01.31.51:895][  0]LogConfig: Applying CVar settings from Section [EffectsQuality@3] File [../../../MDS_Networking/Saved/Config/WindowsNoEditor/Scalability.ini]
[2022.07.12-01.31.51:896][  0]LogConfig: Setting CVar [[r.TranslucencyLightingVolumeDim:64]]
[2022.07.12-01.31.51:896][  0]LogConfig: Setting CVar [[r.RefractionQuality:2]]
[2022.07.12-01.31.51:896][  0]LogConfig: Setting CVar [[r.SSR.Quality:3]]
[2022.07.12-01.31.51:896][  0]LogConfig: Setting CVar [[r.SSR.HalfResSceneColor:0]]
[2022.07.12-01.31.51:897][  0]LogConfig: Setting CVar [[r.SceneColorFormat:4]]
[2022.07.12-01.31.51:897][  0]LogConfig: Setting CVar [[r.DetailMode:2]]
[2022.07.12-01.31.51:897][  0]LogConfig: Setting CVar [[r.TranslucencyVolumeBlur:1]]
[2022.07.12-01.31.51:897][  0]LogConfig: Setting CVar [[r.MaterialQualityLevel:1 ; High quality]]
[2022.07.12-01.31.51:897][  0]LogConfig: Setting CVar [[r.AnisotropicMaterials:1]]
[2022.07.12-01.31.51:898][  0]LogConfig: Setting CVar [[r.SSS.Scale:1]]
[2022.07.12-01.31.51:900][  0]LogConfig: Setting CVar [[r.SSS.SampleSet:2]]
[2022.07.12-01.31.51:900][  0]LogConfig: Setting CVar [[r.SSS.Quality:1]]
[2022.07.12-01.31.51:901][  0]LogConfig: Setting CVar [[r.SSS.HalfRes:0]]
[2022.07.12-01.31.51:901][  0]LogConfig: Setting CVar [[r.SSGI.Quality:3]]
[2022.07.12-01.31.51:901][  0]LogConfig: Setting CVar [[r.EmitterSpawnRateScale:1.0]]
[2022.07.12-01.31.51:901][  0]LogConfig: Setting CVar [[r.ParticleLightQuality:2]]
[2022.07.12-01.31.51:901][  0]LogConfig: Setting CVar [[r.SkyAtmosphere.AerialPerspectiveLUT.FastApplyOnOpaque:1 ; Always have FastSkyLUT 1 in this case to avoid wrong sky]]
[2022.07.12-01.31.51:902][  0]LogConfig: Setting CVar [[r.SkyAtmosphere.AerialPerspectiveLUT.SampleCountMaxPerSlice:4]]
[2022.07.12-01.31.51:902][  0]LogConfig: Setting CVar [[r.SkyAtmosphere.AerialPerspectiveLUT.DepthResolution:16.0]]
[2022.07.12-01.31.51:902][  0]LogConfig: Setting CVar [[r.SkyAtmosphere.FastSkyLUT:1]]
[2022.07.12-01.31.51:902][  0]LogConfig: Setting CVar [[r.SkyAtmosphere.FastSkyLUT.SampleCountMin:4.0]]
[2022.07.12-01.31.51:903][  0]LogConfig: Setting CVar [[r.SkyAtmosphere.FastSkyLUT.SampleCountMax:128.0]]
[2022.07.12-01.31.51:903][  0]LogConfig: Setting CVar [[r.SkyAtmosphere.SampleCountMin:4.0]]
[2022.07.12-01.31.51:903][  0]LogConfig: Setting CVar [[r.SkyAtmosphere.SampleCountMax:128.0]]
[2022.07.12-01.31.51:903][  0]LogConfig: Setting CVar [[r.SkyAtmosphere.TransmittanceLUT.UseSmallFormat:0]]
[2022.07.12-01.31.51:904][  0]LogConfig: Setting CVar [[r.SkyAtmosphere.TransmittanceLUT.SampleCount:10.0]]
[2022.07.12-01.31.51:904][  0]LogConfig: Setting CVar [[r.SkyAtmosphere.MultiScatteringLUT.SampleCount:15.0]]
[2022.07.12-01.31.51:904][  0]LogConfig: Setting CVar [[r.SkyLight.RealTimeReflectionCapture:1]]
[2022.07.12-01.31.51:904][  0]LogConfig: Setting CVar [[fx.Niagara.QualityLevel:3]]
[2022.07.12-01.31.51:904][  0]LogConfig: Applying CVar settings from Section [FoliageQuality@3] File [../../../MDS_Networking/Saved/Config/WindowsNoEditor/Scalability.ini]
[2022.07.12-01.31.51:905][  0]LogConfig: Setting CVar [[foliage.DensityScale:1.0]]
[2022.07.12-01.31.51:905][  0]LogConfig: Setting CVar [[grass.DensityScale:1.0]]
[2022.07.12-01.31.51:905][  0]LogConfig: Applying CVar settings from Section [ShadingQuality@3] File [../../../MDS_Networking/Saved/Config/WindowsNoEditor/Scalability.ini]
[2022.07.12-01.31.51:905][  0]LogConfig: Setting CVar [[r.HairStrands.SkyLighting.IntegrationType:2]]
[2022.07.12-01.31.51:906][  0]LogConfig: Setting CVar [[r.HairStrands.SkyAO.SampleCount:4]]
[2022.07.12-01.31.51:906][  0]LogConfig: Setting CVar [[r.HairStrands.Visibility.MSAA.SamplePerPixel:4]]
[2022.07.12-01.31.51:906][  0]LogInit: Selected Device Profile: [WindowsNoEditor]
[2022.07.12-01.31.51:906][  0]LogInit: Applying CVar settings loaded from the selected device profile: [WindowsNoEditor]
[2022.07.12-01.31.51:907][  0]LogHAL: Display: Platform has ~ 16 GB [17121431552 / 17179869184 / 16], which maps to Larger [LargestMinGB=32, LargerMinGB=12, DefaultMinGB=8, SmallerMinGB=6, SmallestMinGB=0)
[2022.07.12-01.31.51:907][  0]LogInit: Going up to parent DeviceProfile [Windows]
[2022.07.12-01.31.51:907][  0]LogInit: Going up to parent DeviceProfile []
[2022.07.12-01.31.51:907][  0]LogConfig: Applying CVar settings from Section [ViewDistanceQuality@3] File [../../../MDS_Networking/Saved/Config/WindowsNoEditor/Scalability.ini]
[2022.07.12-01.31.51:908][  0]LogConfig: Setting CVar [[r.SkeletalMeshLODBias:0]]
[2022.07.12-01.31.51:908][  0]LogConfig: Setting CVar [[r.ViewDistanceScale:1.0]]
[2022.07.12-01.31.51:908][  0]LogConfig: Applying CVar settings from Section [AntiAliasingQuality@3] File [../../../MDS_Networking/Saved/Config/WindowsNoEditor/Scalability.ini]
[2022.07.12-01.31.51:908][  0]LogConfig: Setting CVar [[r.PostProcessAAQuality:4]]
[2022.07.12-01.31.51:908][  0]LogConfig: Applying CVar settings from Section [ShadowQuality@3] File [../../../MDS_Networking/Saved/Config/WindowsNoEditor/Scalability.ini]
[2022.07.12-01.31.51:909][  0]LogConfig: Setting CVar [[r.LightFunctionQuality:1]]
[2022.07.12-01.31.51:909][  0]LogConfig: Setting CVar [[r.ShadowQuality:5]]
[2022.07.12-01.31.51:909][  0]LogConfig: Setting CVar [[r.Shadow.CSM.MaxCascades:10]]
[2022.07.12-01.31.51:909][  0]LogConfig: Setting CVar [[r.Shadow.MaxResolution:2048]]
[2022.07.12-01.31.51:910][  0]LogConfig: Setting CVar [[r.Shadow.MaxCSMResolution:2048]]
[2022.07.12-01.31.51:910][  0]LogConfig: Setting CVar [[r.Shadow.RadiusThreshold:0.01]]
[2022.07.12-01.31.51:910][  0]LogConfig: Setting CVar [[r.Shadow.DistanceScale:1.0]]
[2022.07.12-01.31.51:910][  0]LogConfig: Setting CVar [[r.Shadow.CSM.TransitionScale:1.0]]
[2022.07.12-01.31.51:911][  0]LogConfig: Setting CVar [[r.Shadow.PreShadowResolutionFactor:1.0]]
[2022.07.12-01.31.51:911][  0]LogConfig: Setting CVar [[r.DistanceFieldShadowing:1]]
[2022.07.12-01.31.51:911][  0]LogConfig: Setting CVar [[r.DistanceFieldAO:1]]
[2022.07.12-01.31.51:911][  0]LogConfig: Setting CVar [[r.AOQuality:2]]
[2022.07.12-01.31.51:911][  0]LogConfig: Setting CVar [[r.VolumetricFog:1]]
[2022.07.12-01.31.51:912][  0]LogConfig: Setting CVar [[r.VolumetricFog.GridPixelSize:8]]
[2022.07.12-01.31.51:912][  0]LogConfig: Setting CVar [[r.VolumetricFog.GridSizeZ:128]]
[2022.07.12-01.31.51:912][  0]LogConfig: Setting CVar [[r.VolumetricFog.HistoryMissSupersampleCount:4]]
[2022.07.12-01.31.51:912][  0]LogConfig: Setting CVar [[r.LightMaxDrawDistanceScale:1]]
[2022.07.12-01.31.51:913][  0]LogConfig: Setting CVar [[r.CapsuleShadows:1]]
[2022.07.12-01.31.51:913][  0]LogConfig: Applying CVar settings from Section [PostProcessQuality@3] File [../../../MDS_Networking/Saved/Config/WindowsNoEditor/Scalability.ini]
[2022.07.12-01.31.51:913][  0]LogConfig: Setting CVar [[r.MotionBlurQuality:4]]
[2022.07.12-01.31.51:913][  0]LogConfig: Setting CVar [[r.AmbientOcclusionMipLevelFactor:0.4]]
[2022.07.12-01.31.51:914][  0]LogConfig: Setting CVar [[r.AmbientOcclusionMaxQuality:100]]
[2022.07.12-01.31.51:916][  0]LogConfig: Setting CVar [[r.AmbientOcclusionLevels:-1]]
[2022.07.12-01.31.51:916][  0]LogConfig: Setting CVar [[r.AmbientOcclusionRadiusScale:1.0]]
[2022.07.12-01.31.51:916][  0]LogConfig: Setting CVar [[r.DepthOfFieldQuality:2]]
[2022.07.12-01.31.51:916][  0]LogConfig: Setting CVar [[r.RenderTargetPoolMin:400]]
[2022.07.12-01.31.51:917][  0]LogConfig: Setting CVar [[r.LensFlareQuality:2]]
[2022.07.12-01.31.51:917][  0]LogConfig: Setting CVar [[r.SceneColorFringeQuality:1]]
[2022.07.12-01.31.51:917][  0]LogConfig: Setting CVar [[r.EyeAdaptationQuality:2]]
[2022.07.12-01.31.51:917][  0]LogConfig: Setting CVar [[r.BloomQuality:5]]
[2022.07.12-01.31.51:917][  0]LogConfig: Setting CVar [[r.FastBlurThreshold:100]]
[2022.07.12-01.31.51:918][  0]LogConfig: Setting CVar [[r.Upscale.Quality:3]]
[2022.07.12-01.31.51:918][  0]LogConfig: Setting CVar [[r.Tonemapper.GrainQuantization:1]]
[2022.07.12-01.31.51:918][  0]LogConfig: Setting CVar [[r.LightShaftQuality:1]]
[2022.07.12-01.31.51:918][  0]LogConfig: Setting CVar [[r.Filter.SizeScale:1]]
[2022.07.12-01.31.51:919][  0]LogConfig: Setting CVar [[r.Tonemapper.Quality:5]]
[2022.07.12-01.31.51:919][  0]LogConfig: Setting CVar [[r.DOF.Gather.AccumulatorQuality:1        ; higher gathering accumulator quality]]
[2022.07.12-01.31.51:919][  0]LogConfig: Setting CVar [[r.DOF.Gather.PostfilterMethod:1          ; Median3x3 postfilering method]]
[2022.07.12-01.31.51:919][  0]LogConfig: Setting CVar [[r.DOF.Gather.EnableBokehSettings:0       ; no bokeh simulation when gathering]]
[2022.07.12-01.31.51:920][  0]LogConfig: Setting CVar [[r.DOF.Gather.RingCount:4                 ; medium number of samples when gathering]]
[2022.07.12-01.31.51:920][  0]LogConfig: Setting CVar [[r.DOF.Scatter.ForegroundCompositing:1    ; additive foreground scattering]]
[2022.07.12-01.31.51:920][  0]LogConfig: Setting CVar [[r.DOF.Scatter.BackgroundCompositing:2    ; additive background scattering]]
[2022.07.12-01.31.51:920][  0]LogConfig: Setting CVar [[r.DOF.Scatter.EnableBokehSettings:1      ; bokeh simulation when scattering]]
[2022.07.12-01.31.51:921][  0]LogConfig: Setting CVar [[r.DOF.Scatter.MaxSpriteRatio:0.1         ; only a maximum of 10% of scattered bokeh]]
[2022.07.12-01.31.51:921][  0]LogConfig: Setting CVar [[r.DOF.Recombine.Quality:1                ; cheap slight out of focus]]
[2022.07.12-01.31.51:921][  0]LogConfig: Setting CVar [[r.DOF.Recombine.EnableBokehSettings:0    ; no bokeh simulation on slight out of focus]]
[2022.07.12-01.31.51:921][  0]LogConfig: Setting CVar [[r.DOF.TemporalAAQuality:1                ; more stable temporal accumulation]]
[2022.07.12-01.31.51:922][  0]LogConfig: Setting CVar [[r.DOF.Kernel.MaxForegroundRadius:0.025]]
[2022.07.12-01.31.51:922][  0]LogConfig: Setting CVar [[r.DOF.Kernel.MaxBackgroundRadius:0.025]]
[2022.07.12-01.31.51:922][  0]LogConfig: Applying CVar settings from Section [TextureQuality@3] File [../../../MDS_Networking/Saved/Config/WindowsNoEditor/Scalability.ini]
[2022.07.12-01.31.51:922][  0]LogConfig: Setting CVar [[r.Streaming.MipBias:0]]
[2022.07.12-01.31.51:922][  0]LogConfig: Setting CVar [[r.Streaming.AmortizeCPUToGPUCopy:0]]
[2022.07.12-01.31.51:923][  0]LogConfig: Setting CVar [[r.Streaming.MaxNumTexturesToStreamPerFrame:0]]
[2022.07.12-01.31.51:923][  0]LogConfig: Setting CVar [[r.Streaming.Boost:1]]
[2022.07.12-01.31.51:923][  0]LogConfig: Setting CVar [[r.MaxAnisotropy:8]]
[2022.07.12-01.31.51:923][  0]LogConfig: Setting CVar [[r.VT.MaxAnisotropy:8]]
[2022.07.12-01.31.51:924][  0]LogConfig: Setting CVar [[r.Streaming.LimitPoolSizeToVRAM:0]]
[2022.07.12-01.31.51:924][  0]LogConfig: Setting CVar [[r.Streaming.PoolSize:1000]]
[2022.07.12-01.31.51:924][  0]LogConfig: Setting CVar [[r.Streaming.MaxEffectiveScreenSize:0]]
[2022.07.12-01.31.51:924][  0]LogConfig: Applying CVar settings from Section [EffectsQuality@3] File [../../../MDS_Networking/Saved/Config/WindowsNoEditor/Scalability.ini]
[2022.07.12-01.31.51:925][  0]LogConfig: Setting CVar [[r.TranslucencyLightingVolumeDim:64]]
[2022.07.12-01.31.51:925][  0]LogConfig: Setting CVar [[r.RefractionQuality:2]]
[2022.07.12-01.31.51:925][  0]LogConfig: Setting CVar [[r.SSR.Quality:3]]
[2022.07.12-01.31.51:925][  0]LogConfig: Setting CVar [[r.SSR.HalfResSceneColor:0]]
[2022.07.12-01.31.51:925][  0]LogConfig: Setting CVar [[r.SceneColorFormat:4]]
[2022.07.12-01.31.51:926][  0]LogConfig: Setting CVar [[r.DetailMode:2]]
[2022.07.12-01.31.51:926][  0]LogConfig: Setting CVar [[r.TranslucencyVolumeBlur:1]]
[2022.07.12-01.31.51:926][  0]LogConfig: Setting CVar [[r.MaterialQualityLevel:1 ; High quality]]
[2022.07.12-01.31.51:926][  0]LogConfig: Setting CVar [[r.AnisotropicMaterials:1]]
[2022.07.12-01.31.51:927][  0]LogConfig: Setting CVar [[r.SSS.Scale:1]]
[2022.07.12-01.31.51:927][  0]LogConfig: Setting CVar [[r.SSS.SampleSet:2]]
[2022.07.12-01.31.51:927][  0]LogConfig: Setting CVar [[r.SSS.Quality:1]]
[2022.07.12-01.31.51:927][  0]LogConfig: Setting CVar [[r.SSS.HalfRes:0]]
[2022.07.12-01.31.51:928][  0]LogConfig: Setting CVar [[r.SSGI.Quality:3]]
[2022.07.12-01.31.51:928][  0]LogConfig: Setting CVar [[r.EmitterSpawnRateScale:1.0]]
[2022.07.12-01.31.51:928][  0]LogConfig: Setting CVar [[r.ParticleLightQuality:2]]
[2022.07.12-01.31.51:928][  0]LogConfig: Setting CVar [[r.SkyAtmosphere.AerialPerspectiveLUT.FastApplyOnOpaque:1 ; Always have FastSkyLUT 1 in this case to avoid wrong sky]]
[2022.07.12-01.31.51:929][  0]LogConfig: Setting CVar [[r.SkyAtmosphere.AerialPerspectiveLUT.SampleCountMaxPerSlice:4]]
[2022.07.12-01.31.51:931][  0]LogConfig: Setting CVar [[r.SkyAtmosphere.AerialPerspectiveLUT.DepthResolution:16.0]]
[2022.07.12-01.31.51:932][  0]LogConfig: Setting CVar [[r.SkyAtmosphere.FastSkyLUT:1]]
[2022.07.12-01.31.51:932][  0]LogConfig: Setting CVar [[r.SkyAtmosphere.FastSkyLUT.SampleCountMin:4.0]]
[2022.07.12-01.31.51:932][  0]LogConfig: Setting CVar [[r.SkyAtmosphere.FastSkyLUT.SampleCountMax:128.0]]
[2022.07.12-01.31.51:933][  0]LogConfig: Setting CVar [[r.SkyAtmosphere.SampleCountMin:4.0]]
[2022.07.12-01.31.51:933][  0]LogConfig: Setting CVar [[r.SkyAtmosphere.SampleCountMax:128.0]]
[2022.07.12-01.31.51:933][  0]LogConfig: Setting CVar [[r.SkyAtmosphere.TransmittanceLUT.UseSmallFormat:0]]
[2022.07.12-01.31.51:933][  0]LogConfig: Setting CVar [[r.SkyAtmosphere.TransmittanceLUT.SampleCount:10.0]]
[2022.07.12-01.31.51:934][  0]LogConfig: Setting CVar [[r.SkyAtmosphere.MultiScatteringLUT.SampleCount:15.0]]
[2022.07.12-01.31.51:934][  0]LogConfig: Setting CVar [[r.SkyLight.RealTimeReflectionCapture:1]]
[2022.07.12-01.31.51:934][  0]LogConfig: Setting CVar [[fx.Niagara.QualityLevel:3]]
[2022.07.12-01.31.51:934][  0]LogConfig: Applying CVar settings from Section [FoliageQuality@3] File [../../../MDS_Networking/Saved/Config/WindowsNoEditor/Scalability.ini]
[2022.07.12-01.31.51:934][  0]LogConfig: Setting CVar [[foliage.DensityScale:1.0]]
[2022.07.12-01.31.51:935][  0]LogConfig: Setting CVar [[grass.DensityScale:1.0]]
[2022.07.12-01.31.51:935][  0]LogConfig: Applying CVar settings from Section [ShadingQuality@3] File [../../../MDS_Networking/Saved/Config/WindowsNoEditor/Scalability.ini]
[2022.07.12-01.31.51:935][  0]LogConfig: Setting CVar [[r.HairStrands.SkyLighting.IntegrationType:2]]
[2022.07.12-01.31.51:935][  0]LogConfig: Setting CVar [[r.HairStrands.SkyAO.SampleCount:4]]
[2022.07.12-01.31.51:936][  0]LogConfig: Setting CVar [[r.HairStrands.Visibility.MSAA.SamplePerPixel:4]]
[2022.07.12-01.31.51:936][  0]LogConfig: Applying CVar settings from Section [Startup] File [../../../Engine/Config/ConsoleVariables.ini]
[2022.07.12-01.31.51:936][  0]LogConfig: Setting CVar [[net.UseAdaptiveNetUpdateFrequency:0]]
[2022.07.12-01.31.51:936][  0]LogConfig: Setting CVar [[p.chaos.AllowCreatePhysxBodies:1]]
[2022.07.12-01.31.51:936][  0]LogConfig: Setting CVar [[fx.SkipVectorVMBackendOptimizations:1]]
[2022.07.12-01.31.51:937][  0]LogConfig: Applying CVar settings from Section [ConsoleVariables] File [../../../MDS_Networking/Saved/Config/WindowsNoEditor/Engine.ini]
[2022.07.12-01.31.51:937][  0]LogInit: Computer: DESKTOP-4S98TJ0
[2022.07.12-01.31.51:937][  0]LogInit: User: User
[2022.07.12-01.31.51:937][  0]LogInit: CPU Page size=4096, Cores=4
[2022.07.12-01.31.51:938][  0]LogInit: High frequency timer resolution =10.000000 MHz
[2022.07.12-01.31.51:938][  0]LogMemory: Memory total: Physical=15.9GB (16GB approx)
[2022.07.12-01.31.51:938][  0]LogMemory: Platform Memory Stats for WindowsNoEditor
[2022.07.12-01.31.51:938][  0]LogMemory: Process Physical Memory: 78.51 MB used, 78.51 MB peak
[2022.07.12-01.31.51:939][  0]LogMemory: Process Virtual Memory: 80.32 MB used, 80.32 MB peak
[2022.07.12-01.31.51:939][  0]LogMemory: Physical Memory: 6969.74 MB used,  9358.53 MB free, 16328.27 MB total
[2022.07.12-01.31.51:939][  0]LogMemory: Virtual Memory: 134210144.00 MB used,  7581.42 MB free, 134217728.00 MB total
[2022.07.12-01.31.51:941][  0]LogWindows: WindowsPlatformFeatures enabled
[2022.07.12-01.31.51:950][  0]LogInit: Physics initialised using underlying interface: PhysX
[2022.07.12-01.31.51:950][  0]LogInit: Using OS detected language (en-US).
[2022.07.12-01.31.51:951][  0]LogInit: Using OS detected locale (en-NZ).
[2022.07.12-01.31.51:951][  0]LogTextLocalizationManager: No specific localization for 'en-US' exists, so the 'en' localization will be used.
[2022.07.12-01.31.51:976][  0]LogWindowsTextInputMethodSystem: Display: IME system deactivated.
[2022.07.12-01.31.51:986][  0]LogSlate: New Slate User Created.  User Index 0, Is Virtual User: 0
[2022.07.12-01.31.51:986][  0]LogSlate: Slate User Registered.  User Index 0, Is Virtual User: 0
[2022.07.12-01.31.52:004][  0]LogD3D11RHI: Loaded GFSDK_Aftermath_Lib.x64.dll
[2022.07.12-01.31.52:007][  0]LogHMD: Failed to initialize OpenVR with code 110
[2022.07.12-01.31.52:007][  0]LogD3D11RHI: D3D11 min allowed feature level: 11_0
[2022.07.12-01.31.52:007][  0]LogD3D11RHI: D3D11 max allowed feature level: 11_0
[2022.07.12-01.31.52:008][  0]LogD3D11RHI: D3D11 adapters:
[2022.07.12-01.31.52:042][  0]LogD3D11RHI:    0. 'AMD Radeon HD 7700 Series' (Feature Level 11_0)
[2022.07.12-01.31.52:042][  0]LogD3D11RHI:       1003/0/8164 MB DedicatedVideo/DedicatedSystem/SharedSystem, Outputs:1, VendorId:0x1002
[2022.07.12-01.31.52:045][  0]LogD3D11RHI:    1. 'Microsoft Basic Render Driver' (Feature Level 11_0)
[2022.07.12-01.31.52:045][  0]LogD3D11RHI:       0/0/8164 MB DedicatedVideo/DedicatedSystem/SharedSystem, Outputs:0, VendorId:0x1414
[2022.07.12-01.31.52:046][  0]LogD3D11RHI: Chosen D3D11 Adapter:
[2022.07.12-01.31.52:046][  0]LogD3D11RHI:     Description : AMD Radeon HD 7700 Series
[2022.07.12-01.31.52:046][  0]LogD3D11RHI:     VendorId    : 1002
[2022.07.12-01.31.52:046][  0]LogD3D11RHI:     DeviceId    : 683d
[2022.07.12-01.31.52:047][  0]LogD3D11RHI:     SubSysId    : 4291043
[2022.07.12-01.31.52:047][  0]LogD3D11RHI:     Revision    : 0000
[2022.07.12-01.31.52:047][  0]LogD3D11RHI:     DedicatedVideoMemory : 1052459008 bytes
[2022.07.12-01.31.52:047][  0]LogD3D11RHI:     DedicatedSystemMemory : 0 bytes
[2022.07.12-01.31.52:047][  0]LogD3D11RHI:     SharedSystemMemory : 8560715776 bytes
[2022.07.12-01.31.52:048][  0]LogD3D11RHI:     AdapterLuid : 0 36411
[2022.07.12-01.31.52:052][  0]LogD3D11RHI: Creating new Direct3DDevice
[2022.07.12-01.31.52:053][  0]LogD3D11RHI:     GPU DeviceId: 0x683d (for the marketing name, search the web for "GPU Device Id")
[2022.07.12-01.31.52:053][  0]LogWindows: EnumDisplayDevices:
[2022.07.12-01.31.52:053][  0]LogWindows:    0. 'AMD Radeon HD 7700 Series' (P:1 D:1)
[2022.07.12-01.31.52:054][  0]LogWindows:    1. 'AMD Radeon HD 7700 Series' (P:0 D:0)
[2022.07.12-01.31.52:054][  0]LogWindows:    2. 'AMD Radeon HD 7700 Series' (P:0 D:0)
[2022.07.12-01.31.52:054][  0]LogWindows:    3. 'AMD Radeon HD 7700 Series' (P:0 D:0)
[2022.07.12-01.31.52:055][  0]LogWindows:    4. 'AMD Radeon HD 7700 Series' (P:0 D:0)
[2022.07.12-01.31.52:055][  0]LogWindows:    5. 'AMD Radeon HD 7700 Series' (P:0 D:0)
[2022.07.12-01.31.52:055][  0]LogWindows:    6. 'AMD Radeon HD 7700 Series' (P:0 D:0)
[2022.07.12-01.31.52:056][  0]LogWindows:    7. 'AMD Radeon HD 7700 Series' (P:0 D:0)
[2022.07.12-01.31.52:056][  0]LogWindows: DebugString: FoundDriverCount:8 
[2022.07.12-01.31.52:056][  0]LogD3D11RHI:     Adapter Name: AMD Radeon HD 7700 Series
[2022.07.12-01.31.52:057][  0]LogD3D11RHI:   Driver Version: Adrenalin 2020 21.5.1 (internal:27.20.21003.1028, unified:27.20.21003.1028)
[2022.07.12-01.31.52:058][  0]LogD3D11RHI:      Driver Date: 4-30-2021
[2022.07.12-01.31.52:059][  0]LogRHI: Texture pool is 597 MB (70% of 853 MB)
[2022.07.12-01.31.52:075][  0]LogD3D11RHI: Creating D3DDevice with AMD AGS, using adapter:
[2022.07.12-01.31.52:075][  0]LogD3D11RHI:     Description : AMD Radeon HD 7700 Series
[2022.07.12-01.31.52:075][  0]LogD3D11RHI:     VendorId    : 1002
[2022.07.12-01.31.52:075][  0]LogD3D11RHI:     DeviceId    : 683d
[2022.07.12-01.31.52:075][  0]LogD3D11RHI:     SubSysId    : 4291043
[2022.07.12-01.31.52:076][  0]LogD3D11RHI:     Revision    : 0000
[2022.07.12-01.31.52:076][  0]LogD3D11RHI:     DedicatedVideoMemory : 1052459008 bytes
[2022.07.12-01.31.52:076][  0]LogD3D11RHI:     DedicatedSystemMemory : 0 bytes
[2022.07.12-01.31.52:076][  0]LogD3D11RHI:     SharedSystemMemory : 8560715776 bytes
[2022.07.12-01.31.52:077][  0]LogD3D11RHI:     AdapterLuid : 0 36411
[2022.07.12-01.31.52:102][  0]LogD3D11RHI: Created device via AGS, feature level 11_0, supported extensions 1fffffbf.
[2022.07.12-01.31.52:102][  0]LogD3D11RHI: RHI has support for 64 bit atomics
[2022.07.12-01.31.52:102][  0]LogD3D11RHI: Async texture creation enabled
[2022.07.12-01.31.52:102][  0]LogD3D11RHI: Array index from any shader is supported
[2022.07.12-01.31.52:118][  0]LogD3D11RHI: GPU Timing Frequency: 27.000000 (Debug: 2 1)
[2022.07.12-01.31.52:125][  0]LogRendererCore: Ray tracing is disabled. Reason: r.RayTracing=0.
[2022.07.12-01.31.52:127][  0]LogShaderLibrary: Display: Using ../../../MDS_Networking/Content/ShaderArchive-Global-PCD3D_SM5.ushaderbytecode for material shader code. Total 1951 unique shaders.
[2022.07.12-01.31.52:127][  0]LogShaderLibrary: Display: Cooked Context: Using Shared Shader Library Global
[2022.07.12-01.31.52:128][  0]LogShaderLibrary: Display: Logical shader library 'Global' has been created, components 1
[2022.07.12-01.31.52:128][  0]LogTemp: Warning: Clearing the OS Cache
[2022.07.12-01.31.52:129][  0]LogODSC: ODSC Thread active.
[2022.07.12-01.31.52:131][  0]LogPakFile: New pak file ../../../MDS_Networking/Content/Paks/MDS_Networking-WindowsNoEditor.pak added to pak precacher.
[2022.07.12-01.31.52:151][  0]LogSlate: Using FreeType 2.10.0
[2022.07.12-01.31.52:151][  0]LogSlate: SlateFontServices - WITH_FREETYPE: 1, WITH_HARFBUZZ: 1
[2022.07.12-01.31.52:185][  0]LogShaderLibrary: Display: Using ../../../MDS_Networking/Content/ShaderArchive-MDS_Networking-PCD3D_SM5.ushaderbytecode for material shader code. Total 1564 unique shaders.
[2022.07.12-01.31.52:185][  0]LogShaderLibrary: Display: Cooked Context: Using Shared Shader Library MDS_Networking
[2022.07.12-01.31.52:189][  0]LogShaderLibrary: Display: Logical shader library 'MDS_Networking' has been created, components 1
[2022.07.12-01.31.52:191][  0]LogRHI: Display: Opened pipeline cache after state change and enqueued 0 of 0 tasks for precompile.
[2022.07.12-01.31.52:193][  0]LogShaderLibrary: Display: Using ../../../MDS_Networking/Content/ShaderArchive-MDS_Networking-PCD3D_SM5.ushaderbytecode for material shader code. Total 1564 unique shaders.
[2022.07.12-01.31.52:193][  0]LogShaderLibrary: Display: Cooked Context: Using Shared Shader Library MDS_Networking
[2022.07.12-01.31.52:194][  0]LogRHI: Display: Opened pipeline cache after state change and enqueued 0 of 0 tasks for precompile.
[2022.07.12-01.31.52:195][  0]LogRHI: Display: Failed to open default shader pipeline cache for MDS_Networking using shader platform 0.
[2022.07.12-01.31.52:197][  0]LogRHI: Display: Failed to open default shader pipeline cache for MDS_Networking using shader platform 0.
[2022.07.12-01.31.52:199][  0]LogInit: Using OS detected language (en-US).
[2022.07.12-01.31.52:203][  0]LogInit: Using OS detected locale (en-NZ).
[2022.07.12-01.31.52:206][  0]LogTextLocalizationManager: No localization for 'en-US' exists, so 'en' will be used for the language.
[2022.07.12-01.31.52:206][  0]LogTextLocalizationManager: No localization for 'en-NZ' exists, so 'en' will be used for the locale.
[2022.07.12-01.31.52:207][  0]LogSlate: FontCache flush requested. Reason: Culture for localization was changed
[2022.07.12-01.31.52:207][  0]LogSlate: FontCache flush requested. Reason: Culture for localization was changed
[2022.07.12-01.31.52:209][  0]LogTextLocalizationManager: Compacting localization data took   0.98ms
[2022.07.12-01.31.52:210][  0]LogAssetRegistry: FAssetRegistry took 0.0015 seconds to start up
[2022.07.12-01.31.52:287][  0]LogStreaming: Display: FlushAsyncLoading: 1 QueuedPackages, 0 AsyncPackages
[2022.07.12-01.31.52:287][  0]LogPackageLocalizationCache: Processed 26 localized package path(s) for 1 prioritized culture(s) in 0.000068 seconds
[2022.07.12-01.31.52:293][  0]LogSerialization: Display: AllowBulkDataInIoStore: 'true'
[2022.07.12-01.31.52:294][  0]LogInit: Selected Device Profile: [WindowsNoEditor]
[2022.07.12-01.31.52:294][  0]LogInit: Active device profile: [000001CBDB2D0580][000001CBCEBEDB70 49] WindowsNoEditor
[2022.07.12-01.31.52:294][  0]LogInit: Profiles: [000001CBDB2D0880][000001CBD8920010 49] Windows, [000001CBDB2D0580][000001CBCEBEDB70 49] WindowsNoEditor, 
[2022.07.12-01.31.52:308][  0]LogNetVersion: MDS_Networking 1.0.0, NetCL: 17155196, EngineNetVer: 17, GameNetVer: 0 (Checksum: 1846999902)
[2022.07.12-01.31.52:346][  0]LogAudioCaptureCore: Display: No Audio Capture implementations found. Audio input will be silent.
[2022.07.12-01.31.52:346][  0]LogAudioCaptureCore: Display: No Audio Capture implementations found. Audio input will be silent.
[2022.07.12-01.31.52:347][  0]LogHMD: PokeAHoleMaterial loaded successfully
[2022.07.12-01.31.52:362][  0]LogActor: Warning: SetReplicates called on non-initialized actor Default__MDS_NetworkingMovingPlatform. Directly setting bReplicates is the correct procedure for pre-init actors.
[2022.07.12-01.31.52:363][  0]LogActor: Warning: SetReplicates called on non-initialized actor Default__MDS_NetworkingObjective. Directly setting bReplicates is the correct procedure for pre-init actors.
[2022.07.12-01.31.52:363][  0]LogTemp: Warning: [MDS_NetworkingPlayerController] found Subsystem NULL
[2022.07.12-01.31.52:381][  0]LogMoviePlayer: Initializing movie player
[2022.07.12-01.31.52:382][  0]LogNiagaraDebuggerClient: Niagara Debugger Client Initialized | Session: FDC83BD44CEE03B6DA31158B2E15283D | Instance: 0D67C12C4497BBB45AA8BB8C991F0572 (DESKTOP-4S98TJ0-14760).
[2022.07.12-01.31.52:383][  0]LogAndroidPermission: UAndroidPermissionCallbackProxy::GetInstance
[2022.07.12-01.31.52:383][  0]LogOcInput: OculusInput pre-init called
[2022.07.12-01.31.52:387][  0]LogUObjectArray: 15994 objects as part of root set at end of initial load.
[2022.07.12-01.31.52:387][  0]LogUObjectArray: 2 objects are not in the root set, but can never be destroyed because they are in the DisregardForGC set.
[2022.07.12-01.31.52:387][  0]LogUObjectAllocator: 3337800 out of 0 bytes used by permanent object pool.
[2022.07.12-01.31.52:388][  0]LogUObjectArray: CloseDisregardForGC: 15994/15994 objects in disregard for GC pool
[2022.07.12-01.31.52:389][  0]LogEngine: Initializing Engine...
[2022.07.12-01.31.52:391][  0]LogHMD: Failed to enumerate extensions. Please check that you have a valid OpenXR runtime installed.
[2022.07.12-01.31.52:391][  0]LogHMD: Failed to initialize OpenVR with code 110
[2022.07.12-01.31.52:392][  0]LogStats: UGameplayTagsManager::InitializeManager -  0.000 s
[2022.07.12-01.31.52:437][  0]LogInit: Initializing FReadOnlyCVARCache
[2022.07.12-01.31.52:437][  0]LogAudio: Display: Initializing Audio Device Manager...
[2022.07.12-01.31.52:438][  0]LogAudio: Display: Loading Default Audio Settings Objects...
[2022.07.12-01.31.52:439][  0]LogAudio: Display: No default SoundConcurrencyObject specified (or failed to load).
[2022.07.12-01.31.52:439][  0]LogAudio: Display: Audio Device Manager Initialized
[2022.07.12-01.31.52:440][  0]LogAudio: Display: Creating Audio Device:                 Id: 1, Scope: Shared, Realtime: True
[2022.07.12-01.31.52:440][  0]LogAudioMixer: Display: Audio Mixer Platform Settings:
[2022.07.12-01.31.52:441][  0]LogAudioMixer: Display: 	Sample Rate:						  48000
[2022.07.12-01.31.52:441][  0]LogAudioMixer: Display: 	Callback Buffer Frame Size Requested: 1024
[2022.07.12-01.31.52:441][  0]LogAudioMixer: Display: 	Callback Buffer Frame Size To Use:	  1024
[2022.07.12-01.31.52:441][  0]LogAudioMixer: Display: 	Number of buffers to queue:			  2
[2022.07.12-01.31.52:442][  0]LogAudioMixer: Display: 	Max Channels (voices):				  32
[2022.07.12-01.31.52:442][  0]LogAudioMixer: Display: 	Number of Async Source Workers:		  0
[2022.07.12-01.31.52:442][  0]LogAudio: Display: AudioDevice MaxSources: 32
[2022.07.12-01.31.52:442][  0]LogAudio: Display: Audio Spatialization Plugin: None (built-in).
[2022.07.12-01.31.52:443][  0]LogAudio: Display: Audio Reverb Plugin: None (built-in).
[2022.07.12-01.31.52:443][  0]LogAudio: Display: Audio Occlusion Plugin: None (built-in).
[2022.07.12-01.31.52:443][  0]LogAudioMixer: Display: Initializing audio mixer.
[2022.07.12-01.31.52:449][  0]LogAudioDebug: Display: Lib vorbis DLL was dynamically loaded.
[2022.07.12-01.31.52:459][  0]LogAudioMixer: Display: 0: FrontLeft
[2022.07.12-01.31.52:460][  0]LogAudioMixer: Display: 1: FrontRight
[2022.07.12-01.31.52:484][  0]LogAudioMixer: Display: Using Audio Device Speakers (Realtek High Definition Audio)
[2022.07.12-01.31.52:485][  0]LogAudioMixer: Display: Initializing Sound Submixes...
[2022.07.12-01.31.52:486][  0]LogAudioMixer: Display: Creating Master Submix 'MasterSubmixDefault'
[2022.07.12-01.31.52:486][  0]LogAudioMixer: Display: Creating Master Submix 'MasterReverbSubmixDefault'
[2022.07.12-01.31.52:487][  0]LogAudioMixer: Display: Creating Master Submix 'MasterEQSubmixDefault'
[2022.07.12-01.31.52:487][  0]LogAudioMixer: FMixerPlatformXAudio2::StartAudioStream() called
[2022.07.12-01.31.52:487][  0]LogAudioMixer: Display: Output buffers initialized: Frames=1024, Channels=2, Samples=2048
[2022.07.12-01.31.52:488][  0]LogAudioMixer: Display: Starting AudioMixerPlatformInterface::RunInternal()
[2022.07.12-01.31.52:488][  0]LogAudioMixer: Display: FMixerPlatformXAudio2::SubmitBuffer() called for the first time
[2022.07.12-01.31.52:488][  0]LogInit: FAudioDevice initialized.
[2022.07.12-01.31.52:489][  0]LogNetVersion: Set ProjectVersion to 1.0.0.0. Version Checksum will be recalculated on next use.
[2022.07.12-01.31.52:489][  0]LogInit: Texture streaming: Enabled
[2022.07.12-01.31.52:492][  0]LogAudio: Display: Audio Device (ID: 1) registered with world 'Untitled'.
[2022.07.12-01.31.52:492][  0]LogSlate: Updating window title bar state: overlay mode, drag disabled, window buttons hidden, title bar hidden
[2022.07.12-01.31.52:493][  0]LogInit: Display: Game Engine Initialized.
[2022.07.12-01.31.52:493][  0]LogInit: Display: Starting Game.
[2022.07.12-01.31.52:493][  0]LogNet: Browse: /Game/FirstPersonCPP/Maps/FirstPersonExampleMap?Name=Player
[2022.07.12-01.31.52:494][  0]LogLoad: LoadMap: /Game/FirstPersonCPP/Maps/FirstPersonExampleMap?Name=Player
[2022.07.12-01.31.52:494][  0]LogWorld: BeginTearingDown for /Temp/Untitled_0
[2022.07.12-01.31.52:495][  0]LogWorld: UWorld::CleanupWorld for Untitled, bSessionEnded=true, bCleanupResources=true
[2022.07.12-01.31.52:495][  0]LogSlate: InvalidateAllWidgets triggered.  All widgets were invalidated
[2022.07.12-01.31.52:497][  0]LogAudio: Display: Audio Device unregistered from world 'None'.
[2022.07.12-01.31.52:499][  0]LogUObjectHash: Compacting FUObjectHashTables data took   0.74ms
[2022.07.12-01.31.52:506][  0]LogActor: Warning: SetReplicates called on non-initialized actor MDS_NetworkingMovingPlatform10_34. Directly setting bReplicates is the correct procedure for pre-init actors.
[2022.07.12-01.31.52:506][  0]LogActor: Warning: SetReplicates called on non-initialized actor MDS_NetworkingMovingPlatform11_35. Directly setting bReplicates is the correct procedure for pre-init actors.
[2022.07.12-01.31.52:506][  0]LogActor: Warning: SetReplicates called on non-initialized actor MDS_NetworkingMovingPlatform12_36. Directly setting bReplicates is the correct procedure for pre-init actors.
[2022.07.12-01.31.52:507][  0]LogActor: Warning: SetReplicates called on non-initialized actor MDS_NetworkingMovingPlatform13_37. Directly setting bReplicates is the correct procedure for pre-init actors.
[2022.07.12-01.31.52:507][  0]LogActor: Warning: SetReplicates called on non-initialized actor MDS_NetworkingMovingPlatform14_38. Directly setting bReplicates is the correct procedure for pre-init actors.
[2022.07.12-01.31.52:507][  0]LogActor: Warning: SetReplicates called on non-initialized actor MDS_NetworkingMovingPlatform15_39. Directly setting bReplicates is the correct procedure for pre-init actors.
[2022.07.12-01.31.52:508][  0]LogActor: Warning: SetReplicates called on non-initialized actor MDS_NetworkingMovingPlatform16_40. Directly setting bReplicates is the correct procedure for pre-init actors.
[2022.07.12-01.31.52:508][  0]LogActor: Warning: SetReplicates called on non-initialized actor MDS_NetworkingMovingPlatform17_57. Directly setting bReplicates is the correct procedure for pre-init actors.
[2022.07.12-01.31.52:508][  0]LogActor: Warning: SetReplicates called on non-initialized actor MDS_NetworkingMovingPlatform18_58. Directly setting bReplicates is the correct procedure for pre-init actors.
[2022.07.12-01.31.52:509][  0]LogActor: Warning: SetReplicates called on non-initialized actor MDS_NetworkingMovingPlatform19_59. Directly setting bReplicates is the correct procedure for pre-init actors.
[2022.07.12-01.31.52:509][  0]LogActor: Warning: SetReplicates called on non-initialized actor MDS_NetworkingMovingPlatform2. Directly setting bReplicates is the correct procedure for pre-init actors.
[2022.07.12-01.31.52:509][  0]LogActor: Warning: SetReplicates called on non-initialized actor MDS_NetworkingMovingPlatform20_60. Directly setting bReplicates is the correct procedure for pre-init actors.
[2022.07.12-01.31.52:510][  0]LogActor: Warning: SetReplicates called on non-initialized actor MDS_NetworkingMovingPlatform21_61. Directly setting bReplicates is the correct procedure for pre-init actors.
[2022.07.12-01.31.52:510][  0]LogActor: Warning: SetReplicates called on non-initialized actor MDS_NetworkingMovingPlatform22_62. Directly setting bReplicates is the correct procedure for pre-init actors.
[2022.07.12-01.31.52:510][  0]LogActor: Warning: SetReplicates called on non-initialized actor MDS_NetworkingMovingPlatform23_63. Directly setting bReplicates is the correct procedure for pre-init actors.
[2022.07.12-01.31.52:511][  0]LogActor: Warning: SetReplicates called on non-initialized actor MDS_NetworkingMovingPlatform24_64. Directly setting bReplicates is the correct procedure for pre-init actors.
[2022.07.12-01.31.52:511][  0]LogActor: Warning: SetReplicates called on non-initialized actor MDS_NetworkingMovingPlatform25_65. Directly setting bReplicates is the correct procedure for pre-init actors.
[2022.07.12-01.31.52:511][  0]LogActor: Warning: SetReplicates called on non-initialized actor MDS_NetworkingMovingPlatform26_66. Directly setting bReplicates is the correct procedure for pre-init actors.
[2022.07.12-01.31.52:512][  0]LogActor: Warning: SetReplicates called on non-initialized actor MDS_NetworkingMovingPlatform27_67. Directly setting bReplicates is the correct procedure for pre-init actors.
[2022.07.12-01.31.52:512][  0]LogActor: Warning: SetReplicates called on non-initialized actor MDS_NetworkingMovingPlatform28_68. Directly setting bReplicates is the correct procedure for pre-init actors.
[2022.07.12-01.31.52:512][  0]LogActor: Warning: SetReplicates called on non-initialized actor MDS_NetworkingMovingPlatform29_69. Directly setting bReplicates is the correct procedure for pre-init actors.
[2022.07.12-01.31.52:513][  0]LogActor: Warning: SetReplicates called on non-initialized actor MDS_NetworkingMovingPlatform30_70. Directly setting bReplicates is the correct procedure for pre-init actors.
[2022.07.12-01.31.52:513][  0]LogActor: Warning: SetReplicates called on non-initialized actor MDS_NetworkingMovingPlatform31_71. Directly setting bReplicates is the correct procedure for pre-init actors.
[2022.07.12-01.31.52:513][  0]LogActor: Warning: SetReplicates called on non-initialized actor MDS_NetworkingMovingPlatform32_72. Directly setting bReplicates is the correct procedure for pre-init actors.
[2022.07.12-01.31.52:514][  0]LogActor: Warning: SetReplicates called on non-initialized actor MDS_NetworkingMovingPlatform33_105. Directly setting bReplicates is the correct procedure for pre-init actors.
[2022.07.12-01.31.52:514][  0]LogActor: Warning: SetReplicates called on non-initialized actor MDS_NetworkingMovingPlatform34_106. Directly setting bReplicates is the correct procedure for pre-init actors.
[2022.07.12-01.31.52:514][  0]LogActor: Warning: SetReplicates called on non-initialized actor MDS_NetworkingMovingPlatform35_107. Directly setting bReplicates is the correct procedure for pre-init actors.
[2022.07.12-01.31.52:514][  0]LogActor: Warning: SetReplicates called on non-initialized actor MDS_NetworkingMovingPlatform36_108. Directly setting bReplicates is the correct procedure for pre-init actors.
[2022.07.12-01.31.52:517][  0]LogActor: Warning: SetReplicates called on non-initialized actor MDS_NetworkingMovingPlatform37_109. Directly setting bReplicates is the correct procedure for pre-init actors.
[2022.07.12-01.31.52:517][  0]LogActor: Warning: SetReplicates called on non-initialized actor MDS_NetworkingMovingPlatform38_110. Directly setting bReplicates is the correct procedure for pre-init actors.
[2022.07.12-01.31.52:519][  0]LogActor: Warning: SetReplicates called on non-initialized actor MDS_NetworkingMovingPlatform39_111. Directly setting bReplicates is the correct procedure for pre-init actors.
[2022.07.12-01.31.52:520][  0]LogActor: Warning: SetReplicates called on non-initialized actor MDS_NetworkingMovingPlatform3_15. Directly setting bReplicates is the correct procedure for pre-init actors.
[2022.07.12-01.31.52:520][  0]LogActor: Warning: SetReplicates called on non-initialized actor MDS_NetworkingMovingPlatform40_112. Directly setting bReplicates is the correct procedure for pre-init actors.
[2022.07.12-01.31.52:521][  0]LogActor: Warning: SetReplicates called on non-initialized actor MDS_NetworkingMovingPlatform41_113. Directly setting bReplicates is the correct procedure for pre-init actors.
[2022.07.12-01.31.52:521][  0]LogActor: Warning: SetReplicates called on non-initialized actor MDS_NetworkingMovingPlatform42_114. Directly setting bReplicates is the correct procedure for pre-init actors.
[2022.07.12-01.31.52:521][  0]LogActor: Warning: SetReplicates called on non-initialized actor MDS_NetworkingMovingPlatform43_115. Directly setting bReplicates is the correct procedure for pre-init actors.
[2022.07.12-01.31.52:522][  0]LogActor: Warning: SetReplicates called on non-initialized actor MDS_NetworkingMovingPlatform44_116. Directly setting bReplicates is the correct procedure for pre-init actors.
[2022.07.12-01.31.52:522][  0]LogActor: Warning: SetReplicates called on non-initialized actor MDS_NetworkingMovingPlatform45_117. Directly setting bReplicates is the correct procedure for pre-init actors.
[2022.07.12-01.31.52:522][  0]LogActor: Warning: SetReplicates called on non-initialized actor MDS_NetworkingMovingPlatform46_118. Directly setting bReplicates is the correct procedure for pre-init actors.
[2022.07.12-01.31.52:523][  0]LogActor: Warning: SetReplicates called on non-initialized actor MDS_NetworkingMovingPlatform47_119. Directly setting bReplicates is the correct procedure for pre-init actors.
[2022.07.12-01.31.52:523][  0]LogActor: Warning: SetReplicates called on non-initialized actor MDS_NetworkingMovingPlatform48_120. Directly setting bReplicates is the correct procedure for pre-init actors.
[2022.07.12-01.31.52:523][  0]LogActor: Warning: SetReplicates called on non-initialized actor MDS_NetworkingMovingPlatform49_121. Directly setting bReplicates is the correct procedure for pre-init actors.
[2022.07.12-01.31.52:524][  0]LogActor: Warning: SetReplicates called on non-initialized actor MDS_NetworkingMovingPlatform4_16. Directly setting bReplicates is the correct procedure for pre-init actors.
[2022.07.12-01.31.52:524][  0]LogActor: Warning: SetReplicates called on non-initialized actor MDS_NetworkingMovingPlatform50_122. Directly setting bReplicates is the correct procedure for pre-init actors.
[2022.07.12-01.31.52:524][  0]LogActor: Warning: SetReplicates called on non-initialized actor MDS_NetworkingMovingPlatform51_123. Directly setting bReplicates is the correct procedure for pre-init actors.
[2022.07.12-01.31.52:525][  0]LogActor: Warning: SetReplicates called on non-initialized actor MDS_NetworkingMovingPlatform52_124. Directly setting bReplicates is the correct procedure for pre-init actors.
[2022.07.12-01.31.52:525][  0]LogActor: Warning: SetReplicates called on non-initialized actor MDS_NetworkingMovingPlatform53_125. Directly setting bReplicates is the correct procedure for pre-init actors.
[2022.07.12-01.31.52:525][  0]LogActor: Warning: SetReplicates called on non-initialized actor MDS_NetworkingMovingPlatform54_126. Directly setting bReplicates is the correct procedure for pre-init actors.
[2022.07.12-01.31.52:526][  0]LogActor: Warning: SetReplicates called on non-initialized actor MDS_NetworkingMovingPlatform55_127. Directly setting bReplicates is the correct procedure for pre-init actors.
[2022.07.12-01.31.52:526][  0]LogActor: Warning: SetReplicates called on non-initialized actor MDS_NetworkingMovingPlatform56_128. Directly setting bReplicates is the correct procedure for pre-init actors.
[2022.07.12-01.31.52:526][  0]LogActor: Warning: SetReplicates called on non-initialized actor MDS_NetworkingMovingPlatform57_129. Directly setting bReplicates is the correct procedure for pre-init actors.
[2022.07.12-01.31.52:527][  0]LogActor: Warning: SetReplicates called on non-initialized actor MDS_NetworkingMovingPlatform58_130. Directly setting bReplicates is the correct procedure for pre-init actors.
[2022.07.12-01.31.52:527][  0]LogActor: Warning: SetReplicates called on non-initialized actor MDS_NetworkingMovingPlatform59_131. Directly setting bReplicates is the correct procedure for pre-init actors.
[2022.07.12-01.31.52:527][  0]LogActor: Warning: SetReplicates called on non-initialized actor MDS_NetworkingMovingPlatform5_21. Directly setting bReplicates is the correct procedure for pre-init actors.
[2022.07.12-01.31.52:528][  0]LogActor: Warning: SetReplicates called on non-initialized actor MDS_NetworkingMovingPlatform60_132. Directly setting bReplicates is the correct procedure for pre-init actors.
[2022.07.12-01.31.52:528][  0]LogActor: Warning: SetReplicates called on non-initialized actor MDS_NetworkingMovingPlatform61_133. Directly setting bReplicates is the correct procedure for pre-init actors.
[2022.07.12-01.31.52:528][  0]LogActor: Warning: SetReplicates called on non-initialized actor MDS_NetworkingMovingPlatform62_134. Directly setting bReplicates is the correct procedure for pre-init actors.
[2022.07.12-01.31.52:528][  0]LogActor: Warning: SetReplicates called on non-initialized actor MDS_NetworkingMovingPlatform63_135. Directly setting bReplicates is the correct procedure for pre-init actors.
[2022.07.12-01.31.52:529][  0]LogActor: Warning: SetReplicates called on non-initialized actor MDS_NetworkingMovingPlatform64_136. Directly setting bReplicates is the correct procedure for pre-init actors.
[2022.07.12-01.31.52:529][  0]LogActor: Warning: SetReplicates called on non-initialized actor MDS_NetworkingMovingPlatform6_22. Directly setting bReplicates is the correct procedure for pre-init actors.
[2022.07.12-01.31.52:529][  0]LogActor: Warning: SetReplicates called on non-initialized actor MDS_NetworkingMovingPlatform7_23. Directly setting bReplicates is the correct procedure for pre-init actors.
[2022.07.12-01.31.52:530][  0]LogActor: Warning: SetReplicates called on non-initialized actor MDS_NetworkingMovingPlatform8_24. Directly setting bReplicates is the correct procedure for pre-init actors.
[2022.07.12-01.31.52:530][  0]LogActor: Warning: SetReplicates called on non-initialized actor MDS_NetworkingMovingPlatform9_33. Directly setting bReplicates is the correct procedure for pre-init actors.
[2022.07.12-01.31.52:530][  0]LogActor: Warning: SetReplicates called on non-initialized actor MDS_NetworkingMovingPlatform_4. Directly setting bReplicates is the correct procedure for pre-init actors.
[2022.07.12-01.31.52:531][  0]LogActor: Warning: SetReplicates called on non-initialized actor MDS_NetworkingObjective_1. Directly setting bReplicates is the correct procedure for pre-init actors.
[2022.07.12-01.31.52:547][  0]LogAudio: Display: Audio Device (ID: 1) registered with world 'FirstPersonExampleMap'.
[2022.07.12-01.31.52:549][  0]LogAIModule: Creating AISystem for world FirstPersonExampleMap
[2022.07.12-01.31.52:552][  0]LogLoad: Game class is 'FirstPersonGameMode_C'
[2022.07.12-01.31.52:556][  0]LogWorld: Bringing World /Game/FirstPersonCPP/Maps/FirstPersonExampleMap.FirstPersonExampleMap up for play (max tick rate 0) at 2022.07.12-13.31.52
[2022.07.12-01.31.52:557][  0]LogWorld: Bringing up level for play took: 0.004132
[2022.07.12-01.31.52:557][  0]LogTemp: Warning: [MDS_NetworkingPlayerController] found Subsystem NULL
[2022.07.12-01.31.52:560][  0]LogLoad: Took 0.066370 seconds to LoadMap(/Game/FirstPersonCPP/Maps/FirstPersonExampleMap)
[2022.07.12-01.31.52:561][  0]LogSlate: Took 0.000313 seconds to synchronously load lazily loaded font '../../../Engine/Content/EngineFonts/Faces/RobotoBold.ufont' (160K)
[2022.07.12-01.31.52:582][  0]LogSlate: Took 0.000323 seconds to synchronously load lazily loaded font '../../../Engine/Content/Slate/Fonts/Roboto-Regular.ttf' (155K)
[2022.07.12-01.31.52:595][  0]LogRenderer: Reallocating scene render targets to support 1920x1080 Format 10 NumSamples 1 (Frame:1).
[2022.07.12-01.31.52:595][  0]LogRHI: Display: ShaderPipelineCache: Paused Batching. 1
[2022.07.12-01.31.52:595][  0]LogPakFile: AllPaks IndexSizes: DirectoryHashSize=218660, PathHashSize=16, EntriesSize=32752, TotalSize=251428
[2022.07.12-01.31.52:596][  0]LogRHI: Display: ShaderPipelineCache: Resumed Batching. 0
[2022.07.12-01.31.52:596][  0]LogRHI: Display: ShaderPipelineCache: Batching Resumed.
[2022.07.12-01.31.52:596][  0]LogInit: Display: Engine is initialized. Leaving FEngineLoop::Init()
[2022.07.12-01.31.52:597][  0]LogLoad: (Engine Initialization) Total time: 3.00 seconds
[2022.07.12-01.31.52:640][  0]LogContentStreaming: Texture pool size now 1000 MB
[2022.07.12-01.31.52:643][  0]LogSlate: InvalidateAllWidgets triggered.  All widgets were invalidated
[2022.07.12-01.31.52:698][  0]LogRenderer: Reallocating scene render targets to support 128x128 Format 10 NumSamples 1 (Frame:1).
[2022.07.12-01.31.52:735][  0]LogRenderer: Reallocating scene render targets to support 1920x1080 Format 10 NumSamples 1 (Frame:2).
[2022.07.12-01.31.52:771][  0]LogSlate: Slate font cache was flushed
[2022.07.12-01.31.52:774][  1]LogSlate: Took 0.000287 seconds to synchronously load lazily loaded font '../../../Engine/Content/Slate/Fonts/Roboto-Regular.ttf' (155K)
[2022.07.12-01.31.52:775][  1]LogSlate: Took 0.000263 seconds to synchronously load lazily loaded font '../../../Engine/Content/EngineFonts/Faces/RobotoBold.ufont' (160K)
[2022.07.12-01.31.52:876][  7]LogPakFile: Precache HighWater 16MB

[2022.07.12-01.32.04:598][505]LogNet: Browse: /Game/FirstPersonCPP/Maps/FirstPersonExampleMap?listen
[2022.07.12-01.32.04:598][505]LogLoad: LoadMap: /Game/FirstPersonCPP/Maps/FirstPersonExampleMap?listen
[2022.07.12-01.32.04:599][505]LogWorld: BeginTearingDown for /Game/FirstPersonCPP/Maps/FirstPersonExampleMap
[2022.07.12-01.32.04:600][505]LogWorld: UWorld::CleanupWorld for FirstPersonExampleMap, bSessionEnded=true, bCleanupResources=true
[2022.07.12-01.32.04:601][505]LogSlate: InvalidateAllWidgets triggered.  All widgets were invalidated
[2022.07.12-01.32.04:628][505]LogAudio: Display: Audio Device unregistered from world 'None'.
[2022.07.12-01.32.04:641][505]LogUObjectHash: Compacting FUObjectHashTables data took   0.76ms
[2022.07.12-01.32.04:659][505]LogStreaming: Display: FlushAsyncLoading: 1 QueuedPackages, 0 AsyncPackages
[2022.07.12-01.32.04:662][505]LogActor: Warning: SetReplicates called on non-initialized actor MDS_NetworkingMovingPlatform10_34. Directly setting bReplicates is the correct procedure for pre-init actors.
[2022.07.12-01.32.04:666][505]LogActor: Warning: SetReplicates called on non-initialized actor MDS_NetworkingMovingPlatform11_35. Directly setting bReplicates is the correct procedure for pre-init actors.
[2022.07.12-01.32.04:666][505]LogActor: Warning: SetReplicates called on non-initialized actor MDS_NetworkingMovingPlatform12_36. Directly setting bReplicates is the correct procedure for pre-init actors.
[2022.07.12-01.32.04:666][505]LogActor: Warning: SetReplicates called on non-initialized actor MDS_NetworkingMovingPlatform13_37. Directly setting bReplicates is the correct procedure for pre-init actors.
[2022.07.12-01.32.04:668][505]LogActor: Warning: SetReplicates called on non-initialized actor MDS_NetworkingMovingPlatform14_38. Directly setting bReplicates is the correct procedure for pre-init actors.
[2022.07.12-01.32.04:668][505]LogActor: Warning: SetReplicates called on non-initialized actor MDS_NetworkingMovingPlatform15_39. Directly setting bReplicates is the correct procedure for pre-init actors.
[2022.07.12-01.32.04:668][505]LogActor: Warning: SetReplicates called on non-initialized actor MDS_NetworkingMovingPlatform16_40. Directly setting bReplicates is the correct procedure for pre-init actors.
[2022.07.12-01.32.04:669][505]LogActor: Warning: SetReplicates called on non-initialized actor MDS_NetworkingMovingPlatform17_57. Directly setting bReplicates is the correct procedure for pre-init actors.
[2022.07.12-01.32.04:669][505]LogActor: Warning: SetReplicates called on non-initialized actor MDS_NetworkingMovingPlatform18_58. Directly setting bReplicates is the correct procedure for pre-init actors.
[2022.07.12-01.32.04:669][505]LogActor: Warning: SetReplicates called on non-initialized actor MDS_NetworkingMovingPlatform19_59. Directly setting bReplicates is the correct procedure for pre-init actors.
[2022.07.12-01.32.04:670][505]LogActor: Warning: SetReplicates called on non-initialized actor MDS_NetworkingMovingPlatform2. Directly setting bReplicates is the correct procedure for pre-init actors.
[2022.07.12-01.32.04:670][505]LogActor: Warning: SetReplicates called on non-initialized actor MDS_NetworkingMovingPlatform20_60. Directly setting bReplicates is the correct procedure for pre-init actors.
[2022.07.12-01.32.04:670][505]LogActor: Warning: SetReplicates called on non-initialized actor MDS_NetworkingMovingPlatform21_61. Directly setting bReplicates is the correct procedure for pre-init actors.
[2022.07.12-01.32.04:671][505]LogActor: Warning: SetReplicates called on non-initialized actor MDS_NetworkingMovingPlatform22_62. Directly setting bReplicates is the correct procedure for pre-init actors.
[2022.07.12-01.32.04:671][505]LogActor: Warning: SetReplicates called on non-initialized actor MDS_NetworkingMovingPlatform23_63. Directly setting bReplicates is the correct procedure for pre-init actors.
[2022.07.12-01.32.04:671][505]LogActor: Warning: SetReplicates called on non-initialized actor MDS_NetworkingMovingPlatform24_64. Directly setting bReplicates is the correct procedure for pre-init actors.
[2022.07.12-01.32.04:672][505]LogActor: Warning: SetReplicates called on non-initialized actor MDS_NetworkingMovingPlatform25_65. Directly setting bReplicates is the correct procedure for pre-init actors.
[2022.07.12-01.32.04:672][505]LogActor: Warning: SetReplicates called on non-initialized actor MDS_NetworkingMovingPlatform26_66. Directly setting bReplicates is the correct procedure for pre-init actors.
[2022.07.12-01.32.04:673][505]LogActor: Warning: SetReplicates called on non-initialized actor MDS_NetworkingMovingPlatform27_67. Directly setting bReplicates is the correct procedure for pre-init actors.
[2022.07.12-01.32.04:673][505]LogActor: Warning: SetReplicates called on non-initialized actor MDS_NetworkingMovingPlatform28_68. Directly setting bReplicates is the correct procedure for pre-init actors.
[2022.07.12-01.32.04:673][505]LogActor: Warning: SetReplicates called on non-initialized actor MDS_NetworkingMovingPlatform29_69. Directly setting bReplicates is the correct procedure for pre-init actors.
[2022.07.12-01.32.04:674][505]LogActor: Warning: SetReplicates called on non-initialized actor MDS_NetworkingMovingPlatform30_70. Directly setting bReplicates is the correct procedure for pre-init actors.
[2022.07.12-01.32.04:674][505]LogActor: Warning: SetReplicates called on non-initialized actor MDS_NetworkingMovingPlatform31_71. Directly setting bReplicates is the correct procedure for pre-init actors.
[2022.07.12-01.32.04:674][505]LogActor: Warning: SetReplicates called on non-initialized actor MDS_NetworkingMovingPlatform32_72. Directly setting bReplicates is the correct procedure for pre-init actors.
[2022.07.12-01.32.04:674][505]LogActor: Warning: SetReplicates called on non-initialized actor MDS_NetworkingMovingPlatform33_105. Directly setting bReplicates is the correct procedure for pre-init actors.
[2022.07.12-01.32.04:675][505]LogActor: Warning: SetReplicates called on non-initialized actor MDS_NetworkingMovingPlatform34_106. Directly setting bReplicates is the correct procedure for pre-init actors.
[2022.07.12-01.32.04:675][505]LogActor: Warning: SetReplicates called on non-initialized actor MDS_NetworkingMovingPlatform35_107. Directly setting bReplicates is the correct procedure for pre-init actors.
[2022.07.12-01.32.04:675][505]LogActor: Warning: SetReplicates called on non-initialized actor MDS_NetworkingMovingPlatform36_108. Directly setting bReplicates is the correct procedure for pre-init actors.
[2022.07.12-01.32.04:676][505]LogActor: Warning: SetReplicates called on non-initialized actor MDS_NetworkingMovingPlatform37_109. Directly setting bReplicates is the correct procedure for pre-init actors.
[2022.07.12-01.32.04:676][505]LogActor: Warning: SetReplicates called on non-initialized actor MDS_NetworkingMovingPlatform38_110. Directly setting bReplicates is the correct procedure for pre-init actors.
[2022.07.12-01.32.04:678][505]LogActor: Warning: SetReplicates called on non-initialized actor MDS_NetworkingMovingPlatform39_111. Directly setting bReplicates is the correct procedure for pre-init actors.
[2022.07.12-01.32.04:679][505]LogActor: Warning: SetReplicates called on non-initialized actor MDS_NetworkingMovingPlatform3_15. Directly setting bReplicates is the correct procedure for pre-init actors.
[2022.07.12-01.32.04:679][505]LogActor: Warning: SetReplicates called on non-initialized actor MDS_NetworkingMovingPlatform40_112. Directly setting bReplicates is the correct procedure for pre-init actors.
[2022.07.12-01.32.04:679][505]LogActor: Warning: SetReplicates called on non-initialized actor MDS_NetworkingMovingPlatform41_113. Directly setting bReplicates is the correct procedure for pre-init actors.
[2022.07.12-01.32.04:680][505]LogActor: Warning: SetReplicates called on non-initialized actor MDS_NetworkingMovingPlatform42_114. Directly setting bReplicates is the correct procedure for pre-init actors.
[2022.07.12-01.32.04:680][505]LogActor: Warning: SetReplicates called on non-initialized actor MDS_NetworkingMovingPlatform43_115. Directly setting bReplicates is the correct procedure for pre-init actors.
[2022.07.12-01.32.04:680][505]LogActor: Warning: SetReplicates called on non-initialized actor MDS_NetworkingMovingPlatform44_116. Directly setting bReplicates is the correct procedure for pre-init actors.
[2022.07.12-01.32.04:681][505]LogActor: Warning: SetReplicates called on non-initialized actor MDS_NetworkingMovingPlatform45_117. Directly setting bReplicates is the correct procedure for pre-init actors.
[2022.07.12-01.32.04:681][505]LogActor: Warning: SetReplicates called on non-initialized actor MDS_NetworkingMovingPlatform46_118. Directly setting bReplicates is the correct procedure for pre-init actors.
[2022.07.12-01.32.04:681][505]LogActor: Warning: SetReplicates called on non-initialized actor MDS_NetworkingMovingPlatform47_119. Directly setting bReplicates is the correct procedure for pre-init actors.
[2022.07.12-01.32.04:682][505]LogActor: Warning: SetReplicates called on non-initialized actor MDS_NetworkingMovingPlatform48_120. Directly setting bReplicates is the correct procedure for pre-init actors.
[2022.07.12-01.32.04:682][505]LogActor: Warning: SetReplicates called on non-initialized actor MDS_NetworkingMovingPlatform49_121. Directly setting bReplicates is the correct procedure for pre-init actors.
[2022.07.12-01.32.04:682][505]LogActor: Warning: SetReplicates called on non-initialized actor MDS_NetworkingMovingPlatform4_16. Directly setting bReplicates is the correct procedure for pre-init actors.
[2022.07.12-01.32.04:683][505]LogActor: Warning: SetReplicates called on non-initialized actor MDS_NetworkingMovingPlatform50_122. Directly setting bReplicates is the correct procedure for pre-init actors.
[2022.07.12-01.32.04:685][505]LogActor: Warning: SetReplicates called on non-initialized actor MDS_NetworkingMovingPlatform51_123. Directly setting bReplicates is the correct procedure for pre-init actors.
[2022.07.12-01.32.04:686][505]LogActor: Warning: SetReplicates called on non-initialized actor MDS_NetworkingMovingPlatform52_124. Directly setting bReplicates is the correct procedure for pre-init actors.
[2022.07.12-01.32.04:686][505]LogActor: Warning: SetReplicates called on non-initialized actor MDS_NetworkingMovingPlatform53_125. Directly setting bReplicates is the correct procedure for pre-init actors.
[2022.07.12-01.32.04:686][505]LogActor: Warning: SetReplicates called on non-initialized actor MDS_NetworkingMovingPlatform54_126. Directly setting bReplicates is the correct procedure for pre-init actors.
[2022.07.12-01.32.04:687][505]LogActor: Warning: SetReplicates called on non-initialized actor MDS_NetworkingMovingPlatform55_127. Directly setting bReplicates is the correct procedure for pre-init actors.
[2022.07.12-01.32.04:687][505]LogActor: Warning: SetReplicates called on non-initialized actor MDS_NetworkingMovingPlatform56_128. Directly setting bReplicates is the correct procedure for pre-init actors.
[2022.07.12-01.32.04:687][505]LogActor: Warning: SetReplicates called on non-initialized actor MDS_NetworkingMovingPlatform57_129. Directly setting bReplicates is the correct procedure for pre-init actors.
[2022.07.12-01.32.04:688][505]LogActor: Warning: SetReplicates called on non-initialized actor MDS_NetworkingMovingPlatform58_130. Directly setting bReplicates is the correct procedure for pre-init actors.
[2022.07.12-01.32.04:688][505]LogActor: Warning: SetReplicates called on non-initialized actor MDS_NetworkingMovingPlatform59_131. Directly setting bReplicates is the correct procedure for pre-init actors.
[2022.07.12-01.32.04:688][505]LogActor: Warning: SetReplicates called on non-initialized actor MDS_NetworkingMovingPlatform5_21. Directly setting bReplicates is the correct procedure for pre-init actors.
[2022.07.12-01.32.04:689][505]LogActor: Warning: SetReplicates called on non-initialized actor MDS_NetworkingMovingPlatform60_132. Directly setting bReplicates is the correct procedure for pre-init actors.
[2022.07.12-01.32.04:689][505]LogActor: Warning: SetReplicates called on non-initialized actor MDS_NetworkingMovingPlatform61_133. Directly setting bReplicates is the correct procedure for pre-init actors.
[2022.07.12-01.32.04:689][505]LogActor: Warning: SetReplicates called on non-initialized actor MDS_NetworkingMovingPlatform62_134. Directly setting bReplicates is the correct procedure for pre-init actors.
[2022.07.12-01.32.04:690][505]LogActor: Warning: SetReplicates called on non-initialized actor MDS_NetworkingMovingPlatform63_135. Directly setting bReplicates is the correct procedure for pre-init actors.
[2022.07.12-01.32.04:690][505]LogActor: Warning: SetReplicates called on non-initialized actor MDS_NetworkingMovingPlatform64_136. Directly setting bReplicates is the correct procedure for pre-init actors.
[2022.07.12-01.32.04:690][505]LogActor: Warning: SetReplicates called on non-initialized actor MDS_NetworkingMovingPlatform6_22. Directly setting bReplicates is the correct procedure for pre-init actors.
[2022.07.12-01.32.04:690][505]LogActor: Warning: SetReplicates called on non-initialized actor MDS_NetworkingMovingPlatform7_23. Directly setting bReplicates is the correct procedure for pre-init actors.
[2022.07.12-01.32.04:691][505]LogActor: Warning: SetReplicates called on non-initialized actor MDS_NetworkingMovingPlatform8_24. Directly setting bReplicates is the correct procedure for pre-init actors.
[2022.07.12-01.32.04:691][505]LogActor: Warning: SetReplicates called on non-initialized actor MDS_NetworkingMovingPlatform9_33. Directly setting bReplicates is the correct procedure for pre-init actors.
[2022.07.12-01.32.04:691][505]LogActor: Warning: SetReplicates called on non-initialized actor MDS_NetworkingMovingPlatform_4. Directly setting bReplicates is the correct procedure for pre-init actors.
[2022.07.12-01.32.04:692][505]LogActor: Warning: SetReplicates called on non-initialized actor MDS_NetworkingObjective_1. Directly setting bReplicates is the correct procedure for pre-init actors.
[2022.07.12-01.32.04:706][505]LogAudio: Display: Audio Device (ID: 1) registered with world 'FirstPersonExampleMap'.
[2022.07.12-01.32.04:707][505]LogAIModule: Creating AISystem for world FirstPersonExampleMap
[2022.07.12-01.32.04:709][505]LogLoad: Game class is 'FirstPersonGameMode_C'
[2022.07.12-01.32.04:710][505]LogOnline: OSS: Creating online subsystem instance for: Steam
[2022.07.12-01.32.04:724][505]LogSteamShared: Warning: SteamAPI failed to initialize, conditions not met.
[2022.07.12-01.32.04:724][505]LogOnline: Warning: STEAM: Steamworks: SteamUtils() failed!
[2022.07.12-01.32.04:724][505]LogOnline: Warning: STEAM: Steamworks: SteamUser() failed!
[2022.07.12-01.32.04:725][505]LogOnline: Warning: STEAM: Steamworks: SteamFriends() failed!
[2022.07.12-01.32.04:725][505]LogOnline: Warning: STEAM: Steamworks: SteamRemoteStorage() failed!
[2022.07.12-01.32.04:725][505]LogOnline: Warning: STEAM: Steamworks: SteamUserStats() failed!
[2022.07.12-01.32.04:726][505]LogOnline: Warning: STEAM: Steamworks: SteamMatchmakingServers() failed!
[2022.07.12-01.32.04:726][505]LogOnline: Warning: STEAM: Steamworks: SteamApps() failed!
[2022.07.12-01.32.04:726][505]LogOnline: Warning: STEAM: Steamworks: SteamNetworking() failed!
[2022.07.12-01.32.04:726][505]LogOnline: Warning: STEAM: Steamworks: SteamMatchmaking() failed!
[2022.07.12-01.32.04:727][505]LogOnline: STEAM: [AppId: 0] Client API initialized 0
[2022.07.12-01.32.04:727][505]LogOnline: Display: STEAM: OnlineSubsystemSteam::Shutdown()
[2022.07.12-01.32.04:727][505]LogOnline: Warning: STEAM: Steam API failed to initialize!
[2022.07.12-01.32.04:728][505]LogOnline: Display: STEAM: OnlineSubsystemSteam::Shutdown()
[2022.07.12-01.32.04:728][505]LogNet: ReplicationDriverClass is null! Not using ReplicationDriver.
[2022.07.12-01.32.04:728][505]LogNetCore: DDoS detection status: detection enabled: 0 analytics enabled: 0
[2022.07.12-01.32.04:728][505]LogInit: WinSock: Socket queue. Rx: 131072 (config 131072) Tx: 131072 (config 131072)
[2022.07.12-01.32.04:728][505]LogNet: Created socket for bind address: 0.0.0.0 on port 7777
[2022.07.12-01.32.04:729][505]PacketHandlerLog: Loaded PacketHandler component: Engine.EngineHandlerComponentFactory (StatelessConnectHandlerComponent)
[2022.07.12-01.32.04:730][505]LogNet: GameNetDriver IpNetDriver_2147482506 IpNetDriver listening on port 7777
[2022.07.12-01.32.04:733][505]LogWorld: Bringing World /Game/FirstPersonCPP/Maps/FirstPersonExampleMap.FirstPersonExampleMap up for play (max tick rate 0) at 2022.07.12-13.32.04
[2022.07.12-01.32.04:733][505]LogWorld: Bringing up level for play took: 0.002261
[2022.07.12-01.32.04:734][505]LogTemp: Warning: [MDS_NetworkingPlayerController] found Subsystem NULL
[2022.07.12-01.32.04:734][505]LogOnlineSession: Warning: OSS: No game present to join for session (GameSession)
[2022.07.12-01.32.04:736][505]LogLoad: Took 0.136846 seconds to LoadMap(/Game/FirstPersonCPP/Maps/FirstPersonExampleMap)
