Log file open, 06/06/22 15:14:02
LogWindows: Failed to load 'aqProf.dll' (GetLastError=126)
LogWindows: File 'aqProf.dll' does not exist
LogWindows: Failed to load 'VtuneApi.dll' (GetLastError=126)
LogWindows: File 'VtuneApi.dll' does not exist
LogWindows: Failed to load 'VtuneApi32e.dll' (GetLastError=126)
LogWindows: File 'VtuneApi32e.dll' does not exist
LogConsoleResponse: Display: Failed to find resolution value strings in scalability ini. Falling back to default.
LogConsoleResponse: Display: Failed to find resolution value strings in scalability ini. Falling back to default.
LogPakFile: Display: Found Pak file ../../../MDS_Networking/Content/Paks/MDS_Networking-WindowsNoEditor.pak attempting to mount.
LogPakFile: Display: Mounting pak file ../../../MDS_Networking/Content/Paks/MDS_Networking-WindowsNoEditor.pak.
LogPakFile: PakFile PrimaryIndexSize=49682
LogPakFile: PakFile PathHashIndexSize=55767
LogPakFile: PakFile FullDirectoryIndexSize=83672
LogShaderLibrary: Display: ShaderCodeLibraryPakFileMountedCallback: PakFile '../../../MDS_Networking/Content/Paks/MDS_Networking-WindowsNoEditor.pak' (chunk index -1, root '../../../') mounted
LogShaderLibrary: Display: ShaderCodeLibraryPakFileMountedCallback: pending pak file info (ChunkID:-1 Root:../../../ File:../../../MDS_Networking/Content/Paks/MDS_Networking-WindowsNoEditor.pak)
LogPakFile: OnPakFileMounted2Time == 0.000037
LogPlatformFile: Not using cached read wrapper
LogTaskGraph: Started task graph with 5 named threads and 23 total threads with 3 sets of task threads.
LogStats: Stats thread started at 0.107996
LogICUInternationalization: ICU TimeZone Detection - Raw Offset: +12:00, Platform Override: ''
LogInit: Display: Loading text-based GConfig....
LogPluginManager: Mounting plugin OnlineSubsystemSteam
LogPluginManager: Mounting plugin OnlineSubsystem
LogPluginManager: Mounting plugin OnlineSubsystemUtils
LogPluginManager: Mounting plugin SteamShared
LogPluginManager: Mounting plugin Paper2D
LogPluginManager: Mounting plugin AISupport
LogPluginManager: Mounting plugin EnvironmentQueryEditor
LogPluginManager: Mounting plugin LightPropagationVolume
LogPluginManager: Mounting plugin CameraShakePreviewer
LogPluginManager: Mounting plugin GameplayCameras
LogPluginManager: Mounting plugin TemplateSequence
LogPluginManager: Mounting plugin LevelSequenceEditor
LogPluginManager: Mounting plugin OodleData
LogPluginManager: Mounting plugin OodleNetwork
LogPluginManager: Mounting plugin AnimationSharing
LogPluginManager: Mounting plugin SignificanceManager
LogPluginManager: Mounting plugin PixWinPlugin
LogPluginManager: Mounting plugin PluginUtils
LogPluginManager: Mounting plugin PropertyAccessEditor
LogPluginManager: Mounting plugin UObjectPlugin
LogPluginManager: Mounting plugin AssetManagerEditor
LogPluginManager: Mounting plugin FacialAnimation
LogPluginManager: Mounting plugin GeometryMode
LogPluginManager: Mounting plugin SpeedTreeImporter
LogPluginManager: Mounting plugin DatasmithContent
LogPluginManager: Mounting plugin VariantManagerContent
LogPluginManager: Mounting plugin AlembicImporter
LogPluginManager: Mounting plugin GeometryCache
LogPluginManager: Mounting plugin AutomationUtils
LogPluginManager: Mounting plugin ScreenshotTools
LogPluginManager: Mounting plugin BackChannel
LogPluginManager: Mounting plugin ChaosClothEditor
LogPluginManager: Mounting plugin ChaosCloth
LogPluginManager: Mounting plugin ChaosEditor
LogPluginManager: Mounting plugin PlanarCut
LogPluginManager: Mounting plugin GeometryProcessing
LogPluginManager: Mounting plugin EditableMesh
LogPluginManager: Mounting plugin GeometryCollectionPlugin
LogPluginManager: Mounting plugin ProceduralMeshComponent
LogPluginManager: Mounting plugin ChaosSolverPlugin
LogPluginManager: Mounting plugin ChaosNiagara
LogPluginManager: Mounting plugin Niagara
LogPluginManager: Mounting plugin PythonScriptPlugin
LogPluginManager: Mounting plugin CharacterAI
LogPluginManager: Mounting plugin MotoSynth
LogPluginManager: Mounting plugin OpenImageDenoise
LogPluginManager: Mounting plugin PlatformCrypto
LogPluginManager: Mounting plugin MagicLeapPassableWorld
LogPluginManager: Mounting plugin MagicLeap
LogPluginManager: Mounting plugin MLSDK
LogPluginManager: Mounting plugin MagicLeapLightEstimation
LogPluginManager: Mounting plugin AvfMedia
LogPluginManager: Mounting plugin ImgMedia
LogPluginManager: Mounting plugin MediaCompositing
LogPluginManager: Mounting plugin WmfMedia
LogPluginManager: Mounting plugin MeshPainting
LogPluginManager: Mounting plugin TcpMessaging
LogPluginManager: Mounting plugin UdpMessaging
LogPluginManager: Mounting plugin ActorSequence
LogPluginManager: Mounting plugin MatineeToLevelSequence
LogPluginManager: Mounting plugin OnlineSubsystemNull
LogPluginManager: Mounting plugin LauncherChunkInstaller
LogPluginManager: Mounting plugin ActorLayerUtilities
LogPluginManager: Mounting plugin AndroidPermission
LogPluginManager: Mounting plugin AppleImageUtils
LogPluginManager: Mounting plugin ArchVisCharacter
LogPluginManager: Mounting plugin AssetTags
LogPluginManager: Mounting plugin AudioCapture
LogPluginManager: Mounting plugin CableComponent
LogPluginManager: Mounting plugin ChunkDownloader
LogPluginManager: Mounting plugin CustomMeshComponent
LogPluginManager: Mounting plugin ExampleDeviceProfileSelector
LogPluginManager: Mounting plugin GooglePAD
LogPluginManager: Mounting plugin LocationServicesBPLibrary
LogPluginManager: Mounting plugin MobilePatchingUtils
LogPluginManager: Mounting plugin OculusVR
LogPluginManager: Mounting plugin OpenXREyeTracker
LogPluginManager: Mounting plugin OpenXR
LogPluginManager: Mounting plugin OpenXRHandTracking
LogPluginManager: Mounting plugin LiveLink
LogPluginManager: Mounting plugin Takes
LogPluginManager: Mounting plugin PhysXVehicles
LogPluginManager: Mounting plugin RuntimePhysXCooking
LogPluginManager: Mounting plugin SoundFields
LogPluginManager: Mounting plugin SteamVR
LogPluginManager: Mounting plugin Synthesis
LogPluginManager: Mounting plugin AudioSynesthesia
LogPluginManager: Mounting plugin WebMMoviePlayer
LogPluginManager: Mounting plugin WebMMedia
LogPluginManager: Mounting plugin WindowsMoviePlayer
LogInit: Using libcurl 7.55.1-DEV
LogInit:  - built for x86_64-pc-win32
LogInit:  - supports SSL with OpenSSL/1.1.1
LogInit:  - supports HTTP deflate (compression) using libz 1.2.8
LogInit:  - other features:
LogInit:      CURL_VERSION_SSL
LogInit:      CURL_VERSION_LIBZ
LogInit:      CURL_VERSION_IPV6
LogInit:      CURL_VERSION_ASYNCHDNS
LogInit:      CURL_VERSION_LARGEFILE
LogInit:      CURL_VERSION_IDN
LogInit:  CurlRequestOptions (configurable via config and command line):
LogInit:  - bVerifyPeer = true  - Libcurl will verify peer certificate
LogInit:  - bUseHttpProxy = false  - Libcurl will NOT use HTTP proxy
LogInit:  - bDontReuseConnections = false  - Libcurl will reuse connections
LogInit:  - MaxHostConnections = 16  - Libcurl will limit the number of connections to a host
LogInit:  - LocalHostAddr = Default
LogInit:  - BufferSize = 65536
LogSteamShared: Display: Loading Steam SDK 1.51
LogSteamShared: Steam SDK Loaded!
LogOnline: OSS: Creating online subsystem instance for: Steam
LogOnline: STEAM: Steam User is subscribed 1
LogOnline: STEAM: [AppId: 480] Client API initialized 1
LogOnline: STEAM: Initializing SteamNetworking Layer
LogOnline: STEAM: Missing P2PCleanupTimeout key in OnlineSubsystemSteam of DefaultEngine.ini, using default
LogInit: WinSock: version 1.1 (2.2), MaxSocks=32767, MaxUdp=65467
LogOnline: OSS: TryLoadSubsystemAndSetDefault: Loaded subsystem for module [Steam]
PixWinPlugin: PIX capture plugin failed to initialize! Check that the process is launched from PIX.
LogLuminAPIImpl: Warning: MLSDK not found.  This likely means the MLSDK environment variable is not set.
LogOculusPluginWrapper: OculusPlugin initialized successfully
LogHMD: Failed initializing OVRPlugin 1.59.0
LogInit: Build: ++UE4+Release-4.27-CL-18319896
LogInit: Engine Version: 4.27.2-18319896+++UE4+Release-4.27
LogInit: Compatible Engine Version: 4.27.0-17155196+++UE4+Release-4.27
LogInit: Net CL: 17155196
LogInit: OS: Windows 10 (Release 2009) (), CPU: Intel(R) Core(TM) i7-7700HQ CPU @ 2.80GHz, GPU: Intel(R) HD Graphics 630
LogInit: Compiled (64-bit): Nov 30 2021 07:26:28
LogInit: Compiled with Visual C++: 19.16.27032.01
LogInit: Build Configuration: Development
LogInit: Branch Name: ++UE4+Release-4.27
LogInit: Command Line:  -log
LogInit: Base Directory: C:/Users/micha/Desktop/New folder/WindowsNoEditor/MDS_Networking/Binaries/Win64/
LogInit: Allocator: binned2
LogInit: Installed Engine Build: 0
LogDevObjectVersion: Number of dev versions registered: 29
LogDevObjectVersion:   Dev-Blueprints (B0D832E4-1F89-4F0D-ACCF-7EB736FD4AA2): 10
LogDevObjectVersion:   Dev-Build (E1C64328-A22C-4D53-A36C-8E866417BD8C): 0
LogDevObjectVersion:   Dev-Core (375EC13C-06E4-48FB-B500-84F0262A717E): 4
LogDevObjectVersion:   Dev-Editor (E4B068ED-F494-42E9-A231-DA0B2E46BB41): 40
LogDevObjectVersion:   Dev-Framework (CFFC743F-43B0-4480-9391-14DF171D2073): 37
LogDevObjectVersion:   Dev-Mobile (B02B49B5-BB20-44E9-A304-32B752E40360): 3
LogDevObjectVersion:   Dev-Networking (A4E4105C-59A1-49B5-A7C5-40C4547EDFEE): 0
LogDevObjectVersion:   Dev-Online (39C831C9-5AE6-47DC-9A44-9C173E1C8E7C): 0
LogDevObjectVersion:   Dev-Physics (78F01B33-EBEA-4F98-B9B4-84EACCB95AA2): 14
LogDevObjectVersion:   Dev-Platform (6631380F-2D4D-43E0-8009-CF276956A95A): 0
LogDevObjectVersion:   Dev-Rendering (12F88B9F-8875-4AFC-A67C-D90C383ABD29): 45
LogDevObjectVersion:   Dev-Sequencer (7B5AE74C-D270-4C10-A958-57980B212A5A): 13
LogDevObjectVersion:   Dev-VR (D7296918-1DD6-4BDD-9DE2-64A83CC13884): 3
LogDevObjectVersion:   Dev-LoadTimes (C2A15278-BFE7-4AFE-6C17-90FF531DF755): 1
LogDevObjectVersion:   Private-Geometry (6EACA3D4-40EC-4CC1-B786-8BED09428FC5): 3
LogDevObjectVersion:   Dev-AnimPhys (29E575DD-E0A3-4627-9D10-D276232CDCEA): 17
LogDevObjectVersion:   Dev-Anim (AF43A65D-7FD3-4947-9873-3E8ED9C1BB05): 15
LogDevObjectVersion:   Dev-ReflectionCapture (6B266CEC-1EC7-4B8F-A30B-E4D90942FC07): 1
LogDevObjectVersion:   Dev-Automation (0DF73D61-A23F-47EA-B727-89E90C41499A): 1
LogDevObjectVersion:   FortniteMain (601D1886-AC64-4F84-AA16-D3DE0DEAC7D6): 47
LogDevObjectVersion:   FortniteRelease (E7086368-6B23-4C58-8439-1B7016265E91): 1
LogDevObjectVersion:   Dev-Enterprise (9DFFBCD6-494F-0158-E221-12823C92A888): 10
LogDevObjectVersion:   Dev-Niagara (F2AED0AC-9AFE-416F-8664-AA7FFA26D6FC): 1
LogDevObjectVersion:   Dev-Destruction (174F1F0B-B4C6-45A5-B13F-2EE8D0FB917D): 10
LogDevObjectVersion:   Dev-Physics-Ext (35F94A83-E258-406C-A318-09F59610247C): 41
LogDevObjectVersion:   Dev-PhysicsMaterial-Chaos (B68FC16E-8B1B-42E2-B453-215C058844FE): 1
LogDevObjectVersion:   Dev-CineCamera (B2E18506-4273-CFC2-A54E-F4BB758BBA07): 1
LogDevObjectVersion:   Dev-VirtualProduction (64F58936-FD1B-42BA-BA96-7289D5D0FA4E): 1
LogDevObjectVersion:   Dev-MediaFramework (6F0ED827-A609-4895-9C91-998D90180EA4): 2
LogInit: Presizing for max 2097152 objects, including 1 objects not considered by GC, pre-allocating 0 bytes for permanent pool.
LogConfig: Applying CVar settings from Section [/Script/Engine.StreamingSettings] File [../../../MDS_Networking/Saved/Config/WindowsNoEditor/Engine.ini]
LogConfig: Setting CVar [[s.MinBulkDataSizeForAsyncLoading:131072]]
LogConfig: Setting CVar [[s.AsyncLoadingThreadEnabled:0]]
LogConfig: Setting CVar [[s.EventDrivenLoaderEnabled:1]]
LogConfig: Setting CVar [[s.WarnIfTimeLimitExceeded:0]]
LogConfig: Setting CVar [[s.TimeLimitExceededMultiplier:1.5]]
LogConfig: Setting CVar [[s.TimeLimitExceededMinTime:0.005]]
LogConfig: Setting CVar [[s.UseBackgroundLevelStreaming:1]]
LogConfig: Setting CVar [[s.PriorityAsyncLoadingExtraTime:15.0]]
LogConfig: Setting CVar [[s.LevelStreamingActorsUpdateTimeLimit:5.0]]
LogConfig: Setting CVar [[s.PriorityLevelStreamingActorsUpdateExtraTime:5.0]]
LogConfig: Setting CVar [[s.LevelStreamingComponentsRegistrationGranularity:10]]
LogConfig: Setting CVar [[s.UnregisterComponentsTimeLimit:1.0]]
LogConfig: Setting CVar [[s.LevelStreamingComponentsUnregistrationGranularity:5]]
LogConfig: Setting CVar [[s.FlushStreamingOnExit:1]]
LogStreaming: Display: Async Loading initialized: Event Driven Loader: true, Async Loading Thread: false, Async Post Load: true
LogInit: Object subsystem initialized
LogConfig: Setting CVar [[con.DebugEarlyDefault:1]]
LogConfig: Setting CVar [[r.setres:1280x720]]
LogConfig: Setting CVar [[fx.NiagaraAllowRuntimeScalabilityChanges:1]]
[2022.06.06-03.14.05:327][  0]LogConfig: Setting CVar [[con.DebugEarlyDefault:1]]
[2022.06.06-03.14.05:336][  0]LogConfig: Setting CVar [[r.setres:1280x720]]
[2022.06.06-03.14.05:346][  0]LogConfig: Setting CVar [[fx.NiagaraAllowRuntimeScalabilityChanges:1]]
[2022.06.06-03.14.05:346][  0]LogConfig: Applying CVar settings from Section [/Script/Engine.RendererSettings] File [../../../MDS_Networking/Saved/Config/WindowsNoEditor/Engine.ini]
[2022.06.06-03.14.05:347][  0]LogConfig: Setting CVar [[r.GPUCrashDebugging:0]]
[2022.06.06-03.14.05:347][  0]LogConfig: Applying CVar settings from Section [/Script/Engine.RendererOverrideSettings] File [../../../MDS_Networking/Saved/Config/WindowsNoEditor/Engine.ini]
[2022.06.06-03.14.05:347][  0]LogConfig: Applying CVar settings from Section [/Script/Engine.StreamingSettings] File [../../../MDS_Networking/Saved/Config/WindowsNoEditor/Engine.ini]
[2022.06.06-03.14.05:348][  0]LogConfig: Setting CVar [[s.MinBulkDataSizeForAsyncLoading:131072]]
[2022.06.06-03.14.05:348][  0]LogConfig: Setting CVar [[s.AsyncLoadingThreadEnabled:0]]
[2022.06.06-03.14.05:349][  0]LogConfig: Setting CVar [[s.EventDrivenLoaderEnabled:1]]
[2022.06.06-03.14.05:349][  0]LogConfig: Setting CVar [[s.WarnIfTimeLimitExceeded:0]]
[2022.06.06-03.14.05:350][  0]LogConfig: Setting CVar [[s.TimeLimitExceededMultiplier:1.5]]
[2022.06.06-03.14.05:350][  0]LogConfig: Setting CVar [[s.TimeLimitExceededMinTime:0.005]]
[2022.06.06-03.14.05:350][  0]LogConfig: Setting CVar [[s.UseBackgroundLevelStreaming:1]]
[2022.06.06-03.14.05:351][  0]LogConfig: Setting CVar [[s.PriorityAsyncLoadingExtraTime:15.0]]
[2022.06.06-03.14.05:351][  0]LogConfig: Setting CVar [[s.LevelStreamingActorsUpdateTimeLimit:5.0]]
[2022.06.06-03.14.05:352][  0]LogConfig: Setting CVar [[s.PriorityLevelStreamingActorsUpdateExtraTime:5.0]]
[2022.06.06-03.14.05:352][  0]LogConfig: Setting CVar [[s.LevelStreamingComponentsRegistrationGranularity:10]]
[2022.06.06-03.14.05:353][  0]LogConfig: Setting CVar [[s.UnregisterComponentsTimeLimit:1.0]]
[2022.06.06-03.14.05:353][  0]LogConfig: Setting CVar [[s.LevelStreamingComponentsUnregistrationGranularity:5]]
[2022.06.06-03.14.05:354][  0]LogConfig: Setting CVar [[s.FlushStreamingOnExit:1]]
[2022.06.06-03.14.05:354][  0]LogConfig: Applying CVar settings from Section [/Script/Engine.GarbageCollectionSettings] File [../../../MDS_Networking/Saved/Config/WindowsNoEditor/Engine.ini]
[2022.06.06-03.14.05:355][  0]LogConfig: Setting CVar [[gc.MaxObjectsNotConsideredByGC:1]]
[2022.06.06-03.14.05:355][  0]LogConfig: Setting CVar [[gc.SizeOfPermanentObjectPool:0]]
[2022.06.06-03.14.05:356][  0]LogConfig: Setting CVar [[gc.FlushStreamingOnGC:0]]
[2022.06.06-03.14.05:356][  0]LogConfig: Setting CVar [[gc.NumRetriesBeforeForcingGC:10]]
[2022.06.06-03.14.05:356][  0]LogConfig: Setting CVar [[gc.AllowParallelGC:1]]
[2022.06.06-03.14.05:357][  0]LogConfig: Setting CVar [[gc.TimeBetweenPurgingPendingKillObjects:61.1]]
[2022.06.06-03.14.05:358][  0]LogConfig: Setting CVar [[gc.MaxObjectsInEditor:25165824]]
[2022.06.06-03.14.05:373][  0]LogConfig: Setting CVar [[gc.IncrementalBeginDestroyEnabled:1]]
[2022.06.06-03.14.05:375][  0]LogConfig: Setting CVar [[gc.CreateGCClusters:1]]
[2022.06.06-03.14.05:376][  0]LogConfig: Setting CVar [[gc.MinGCClusterSize:5]]
[2022.06.06-03.14.05:377][  0]LogConfig: Setting CVar [[gc.ActorClusteringEnabled:0]]
[2022.06.06-03.14.05:378][  0]LogConfig: Setting CVar [[gc.BlueprintClusteringEnabled:0]]
[2022.06.06-03.14.05:379][  0]LogConfig: Setting CVar [[gc.UseDisregardForGCOnDedicatedServers:0]]
[2022.06.06-03.14.05:379][  0]LogConfig: Setting CVar [[gc.MultithreadedDestructionEnabled:1]]
[2022.06.06-03.14.05:379][  0]LogConfig: Applying CVar settings from Section [/Script/Engine.NetworkSettings] File [../../../MDS_Networking/Saved/Config/WindowsNoEditor/Engine.ini]
[2022.06.06-03.14.05:399][  0]LogConfig: Applying CVar settings from Section [ViewDistanceQuality@3] File [../../../MDS_Networking/Saved/Config/WindowsNoEditor/Scalability.ini]
[2022.06.06-03.14.05:399][  0]LogConfig: Setting CVar [[r.SkeletalMeshLODBias:0]]
[2022.06.06-03.14.05:400][  0]LogConfig: Setting CVar [[r.ViewDistanceScale:1.0]]
[2022.06.06-03.14.05:401][  0]LogConfig: Applying CVar settings from Section [AntiAliasingQuality@3] File [../../../MDS_Networking/Saved/Config/WindowsNoEditor/Scalability.ini]
[2022.06.06-03.14.05:401][  0]LogConfig: Setting CVar [[r.PostProcessAAQuality:4]]
[2022.06.06-03.14.05:402][  0]LogConfig: Applying CVar settings from Section [ShadowQuality@3] File [../../../MDS_Networking/Saved/Config/WindowsNoEditor/Scalability.ini]
[2022.06.06-03.14.05:402][  0]LogConfig: Setting CVar [[r.LightFunctionQuality:1]]
[2022.06.06-03.14.05:403][  0]LogConfig: Setting CVar [[r.ShadowQuality:5]]
[2022.06.06-03.14.05:403][  0]LogConfig: Setting CVar [[r.Shadow.CSM.MaxCascades:10]]
[2022.06.06-03.14.05:404][  0]LogConfig: Setting CVar [[r.Shadow.MaxResolution:2048]]
[2022.06.06-03.14.05:405][  0]LogConfig: Setting CVar [[r.Shadow.MaxCSMResolution:2048]]
[2022.06.06-03.14.05:406][  0]LogConfig: Setting CVar [[r.Shadow.RadiusThreshold:0.01]]
[2022.06.06-03.14.05:406][  0]LogConfig: Setting CVar [[r.Shadow.DistanceScale:1.0]]
[2022.06.06-03.14.05:407][  0]LogConfig: Setting CVar [[r.Shadow.CSM.TransitionScale:1.0]]
[2022.06.06-03.14.05:408][  0]LogConfig: Setting CVar [[r.Shadow.PreShadowResolutionFactor:1.0]]
[2022.06.06-03.14.05:410][  0]LogConfig: Setting CVar [[r.DistanceFieldShadowing:1]]
[2022.06.06-03.14.05:410][  0]LogConfig: Setting CVar [[r.DistanceFieldAO:1]]
[2022.06.06-03.14.05:410][  0]LogConfig: Setting CVar [[r.AOQuality:2]]
[2022.06.06-03.14.05:411][  0]LogConfig: Setting CVar [[r.VolumetricFog:1]]
[2022.06.06-03.14.05:411][  0]LogConfig: Setting CVar [[r.VolumetricFog.GridPixelSize:8]]
[2022.06.06-03.14.05:412][  0]LogConfig: Setting CVar [[r.VolumetricFog.GridSizeZ:128]]
[2022.06.06-03.14.05:412][  0]LogConfig: Setting CVar [[r.VolumetricFog.HistoryMissSupersampleCount:4]]
[2022.06.06-03.14.05:413][  0]LogConfig: Setting CVar [[r.LightMaxDrawDistanceScale:1]]
[2022.06.06-03.14.05:413][  0]LogConfig: Setting CVar [[r.CapsuleShadows:1]]
[2022.06.06-03.14.05:414][  0]LogConfig: Applying CVar settings from Section [PostProcessQuality@3] File [../../../MDS_Networking/Saved/Config/WindowsNoEditor/Scalability.ini]
[2022.06.06-03.14.05:414][  0]LogConfig: Setting CVar [[r.MotionBlurQuality:4]]
[2022.06.06-03.14.05:415][  0]LogConfig: Setting CVar [[r.AmbientOcclusionMipLevelFactor:0.4]]
[2022.06.06-03.14.05:415][  0]LogConfig: Setting CVar [[r.AmbientOcclusionMaxQuality:100]]
[2022.06.06-03.14.05:416][  0]LogConfig: Setting CVar [[r.AmbientOcclusionLevels:-1]]
[2022.06.06-03.14.05:416][  0]LogConfig: Setting CVar [[r.AmbientOcclusionRadiusScale:1.0]]
[2022.06.06-03.14.05:417][  0]LogConfig: Setting CVar [[r.DepthOfFieldQuality:2]]
[2022.06.06-03.14.05:418][  0]LogConfig: Setting CVar [[r.RenderTargetPoolMin:400]]
[2022.06.06-03.14.05:418][  0]LogConfig: Setting CVar [[r.LensFlareQuality:2]]
[2022.06.06-03.14.05:419][  0]LogConfig: Setting CVar [[r.SceneColorFringeQuality:1]]
[2022.06.06-03.14.05:419][  0]LogConfig: Setting CVar [[r.EyeAdaptationQuality:2]]
[2022.06.06-03.14.05:419][  0]LogConfig: Setting CVar [[r.BloomQuality:5]]
[2022.06.06-03.14.05:432][  0]LogConfig: Setting CVar [[r.FastBlurThreshold:100]]
[2022.06.06-03.14.05:433][  0]LogConfig: Setting CVar [[r.Upscale.Quality:3]]
[2022.06.06-03.14.05:435][  0]LogConfig: Setting CVar [[r.Tonemapper.GrainQuantization:1]]
[2022.06.06-03.14.05:435][  0]LogConfig: Setting CVar [[r.LightShaftQuality:1]]
[2022.06.06-03.14.05:436][  0]LogConfig: Setting CVar [[r.Filter.SizeScale:1]]
[2022.06.06-03.14.05:436][  0]LogConfig: Setting CVar [[r.Tonemapper.Quality:5]]
[2022.06.06-03.14.05:437][  0]LogConfig: Setting CVar [[r.DOF.Gather.AccumulatorQuality:1        ; higher gathering accumulator quality]]
[2022.06.06-03.14.05:438][  0]LogConfig: Setting CVar [[r.DOF.Gather.PostfilterMethod:1          ; Median3x3 postfilering method]]
[2022.06.06-03.14.05:438][  0]LogConfig: Setting CVar [[r.DOF.Gather.EnableBokehSettings:0       ; no bokeh simulation when gathering]]
[2022.06.06-03.14.05:439][  0]LogConfig: Setting CVar [[r.DOF.Gather.RingCount:4                 ; medium number of samples when gathering]]
[2022.06.06-03.14.05:439][  0]LogConfig: Setting CVar [[r.DOF.Scatter.ForegroundCompositing:1    ; additive foreground scattering]]
[2022.06.06-03.14.05:440][  0]LogConfig: Setting CVar [[r.DOF.Scatter.BackgroundCompositing:2    ; additive background scattering]]
[2022.06.06-03.14.05:441][  0]LogConfig: Setting CVar [[r.DOF.Scatter.EnableBokehSettings:1      ; bokeh simulation when scattering]]
[2022.06.06-03.14.05:442][  0]LogConfig: Setting CVar [[r.DOF.Scatter.MaxSpriteRatio:0.1         ; only a maximum of 10% of scattered bokeh]]
[2022.06.06-03.14.05:443][  0]LogConfig: Setting CVar [[r.DOF.Recombine.Quality:1                ; cheap slight out of focus]]
[2022.06.06-03.14.05:443][  0]LogConfig: Setting CVar [[r.DOF.Recombine.EnableBokehSettings:0    ; no bokeh simulation on slight out of focus]]
[2022.06.06-03.14.05:444][  0]LogConfig: Setting CVar [[r.DOF.TemporalAAQuality:1                ; more stable temporal accumulation]]
[2022.06.06-03.14.05:444][  0]LogConfig: Setting CVar [[r.DOF.Kernel.MaxForegroundRadius:0.025]]
[2022.06.06-03.14.05:445][  0]LogConfig: Setting CVar [[r.DOF.Kernel.MaxBackgroundRadius:0.025]]
[2022.06.06-03.14.05:445][  0]LogConfig: Applying CVar settings from Section [TextureQuality@3] File [../../../MDS_Networking/Saved/Config/WindowsNoEditor/Scalability.ini]
[2022.06.06-03.14.05:447][  0]LogConfig: Setting CVar [[r.Streaming.MipBias:0]]
[2022.06.06-03.14.05:447][  0]LogConfig: Setting CVar [[r.Streaming.AmortizeCPUToGPUCopy:0]]
[2022.06.06-03.14.05:447][  0]LogConfig: Setting CVar [[r.Streaming.MaxNumTexturesToStreamPerFrame:0]]
[2022.06.06-03.14.05:448][  0]LogConfig: Setting CVar [[r.Streaming.Boost:1]]
[2022.06.06-03.14.05:448][  0]LogConfig: Setting CVar [[r.MaxAnisotropy:8]]
[2022.06.06-03.14.05:449][  0]LogConfig: Setting CVar [[r.VT.MaxAnisotropy:8]]
[2022.06.06-03.14.05:449][  0]LogConfig: Setting CVar [[r.Streaming.LimitPoolSizeToVRAM:0]]
[2022.06.06-03.14.05:450][  0]LogConfig: Setting CVar [[r.Streaming.PoolSize:1000]]
[2022.06.06-03.14.05:450][  0]LogConfig: Setting CVar [[r.Streaming.MaxEffectiveScreenSize:0]]
[2022.06.06-03.14.05:451][  0]LogConfig: Applying CVar settings from Section [EffectsQuality@3] File [../../../MDS_Networking/Saved/Config/WindowsNoEditor/Scalability.ini]
[2022.06.06-03.14.05:464][  0]LogConfig: Setting CVar [[r.TranslucencyLightingVolumeDim:64]]
[2022.06.06-03.14.05:466][  0]LogConfig: Setting CVar [[r.RefractionQuality:2]]
[2022.06.06-03.14.05:467][  0]LogConfig: Setting CVar [[r.SSR.Quality:3]]
[2022.06.06-03.14.05:467][  0]LogConfig: Setting CVar [[r.SSR.HalfResSceneColor:0]]
[2022.06.06-03.14.05:468][  0]LogConfig: Setting CVar [[r.SceneColorFormat:4]]
[2022.06.06-03.14.05:468][  0]LogConfig: Setting CVar [[r.DetailMode:2]]
[2022.06.06-03.14.05:469][  0]LogConfig: Setting CVar [[r.TranslucencyVolumeBlur:1]]
[2022.06.06-03.14.05:469][  0]LogConfig: Setting CVar [[r.MaterialQualityLevel:1 ; High quality]]
[2022.06.06-03.14.05:469][  0]LogConfig: Setting CVar [[r.AnisotropicMaterials:1]]
[2022.06.06-03.14.05:470][  0]LogConfig: Setting CVar [[r.SSS.Scale:1]]
[2022.06.06-03.14.05:471][  0]LogConfig: Setting CVar [[r.SSS.SampleSet:2]]
[2022.06.06-03.14.05:471][  0]LogConfig: Setting CVar [[r.SSS.Quality:1]]
[2022.06.06-03.14.05:472][  0]LogConfig: Setting CVar [[r.SSS.HalfRes:0]]
[2022.06.06-03.14.05:472][  0]LogConfig: Setting CVar [[r.SSGI.Quality:3]]
[2022.06.06-03.14.05:473][  0]LogConfig: Setting CVar [[r.EmitterSpawnRateScale:1.0]]
[2022.06.06-03.14.05:473][  0]LogConfig: Setting CVar [[r.ParticleLightQuality:2]]
[2022.06.06-03.14.05:474][  0]LogConfig: Setting CVar [[r.SkyAtmosphere.AerialPerspectiveLUT.FastApplyOnOpaque:1 ; Always have FastSkyLUT 1 in this case to avoid wrong sky]]
[2022.06.06-03.14.05:476][  0]LogConfig: Setting CVar [[r.SkyAtmosphere.AerialPerspectiveLUT.SampleCountMaxPerSlice:4]]
[2022.06.06-03.14.05:476][  0]LogConfig: Setting CVar [[r.SkyAtmosphere.AerialPerspectiveLUT.DepthResolution:16.0]]
[2022.06.06-03.14.05:477][  0]LogConfig: Setting CVar [[r.SkyAtmosphere.FastSkyLUT:1]]
[2022.06.06-03.14.05:477][  0]LogConfig: Setting CVar [[r.SkyAtmosphere.FastSkyLUT.SampleCountMin:4.0]]
[2022.06.06-03.14.05:477][  0]LogConfig: Setting CVar [[r.SkyAtmosphere.FastSkyLUT.SampleCountMax:128.0]]
[2022.06.06-03.14.05:478][  0]LogConfig: Setting CVar [[r.SkyAtmosphere.SampleCountMin:4.0]]
[2022.06.06-03.14.05:478][  0]LogConfig: Setting CVar [[r.SkyAtmosphere.SampleCountMax:128.0]]
[2022.06.06-03.14.05:479][  0]LogConfig: Setting CVar [[r.SkyAtmosphere.TransmittanceLUT.UseSmallFormat:0]]
[2022.06.06-03.14.05:479][  0]LogConfig: Setting CVar [[r.SkyAtmosphere.TransmittanceLUT.SampleCount:10.0]]
[2022.06.06-03.14.05:480][  0]LogConfig: Setting CVar [[r.SkyAtmosphere.MultiScatteringLUT.SampleCount:15.0]]
[2022.06.06-03.14.05:480][  0]LogConfig: Setting CVar [[r.SkyLight.RealTimeReflectionCapture:1]]
[2022.06.06-03.14.05:481][  0]LogConfig: Setting CVar [[fx.Niagara.QualityLevel:3]]
[2022.06.06-03.14.05:494][  0]LogConfig: Applying CVar settings from Section [FoliageQuality@3] File [../../../MDS_Networking/Saved/Config/WindowsNoEditor/Scalability.ini]
[2022.06.06-03.14.05:494][  0]LogConfig: Setting CVar [[foliage.DensityScale:1.0]]
[2022.06.06-03.14.05:496][  0]LogConfig: Setting CVar [[grass.DensityScale:1.0]]
[2022.06.06-03.14.05:497][  0]LogConfig: Applying CVar settings from Section [ShadingQuality@3] File [../../../MDS_Networking/Saved/Config/WindowsNoEditor/Scalability.ini]
[2022.06.06-03.14.05:497][  0]LogConfig: Setting CVar [[r.HairStrands.SkyLighting.IntegrationType:2]]
[2022.06.06-03.14.05:498][  0]LogConfig: Setting CVar [[r.HairStrands.SkyAO.SampleCount:4]]
[2022.06.06-03.14.05:499][  0]LogConfig: Setting CVar [[r.HairStrands.Visibility.MSAA.SamplePerPixel:4]]
[2022.06.06-03.14.05:499][  0]LogInit: Selected Device Profile: [WindowsNoEditor]
[2022.06.06-03.14.05:500][  0]LogInit: Applying CVar settings loaded from the selected device profile: [WindowsNoEditor]
[2022.06.06-03.14.05:500][  0]LogHAL: Display: Platform has ~ 16 GB [17059516416 / 17179869184 / 16], which maps to Larger [LargestMinGB=32, LargerMinGB=12, DefaultMinGB=8, SmallerMinGB=6, SmallestMinGB=0)
[2022.06.06-03.14.05:501][  0]LogInit: Going up to parent DeviceProfile [Windows]
[2022.06.06-03.14.05:502][  0]LogInit: Going up to parent DeviceProfile []
[2022.06.06-03.14.05:502][  0]LogConfig: Applying CVar settings from Section [ViewDistanceQuality@3] File [../../../MDS_Networking/Saved/Config/WindowsNoEditor/Scalability.ini]
[2022.06.06-03.14.05:503][  0]LogConfig: Setting CVar [[r.SkeletalMeshLODBias:0]]
[2022.06.06-03.14.05:503][  0]LogConfig: Setting CVar [[r.ViewDistanceScale:1.0]]
[2022.06.06-03.14.05:504][  0]LogConfig: Applying CVar settings from Section [AntiAliasingQuality@3] File [../../../MDS_Networking/Saved/Config/WindowsNoEditor/Scalability.ini]
[2022.06.06-03.14.05:504][  0]LogConfig: Setting CVar [[r.PostProcessAAQuality:4]]
[2022.06.06-03.14.05:505][  0]LogConfig: Applying CVar settings from Section [ShadowQuality@3] File [../../../MDS_Networking/Saved/Config/WindowsNoEditor/Scalability.ini]
[2022.06.06-03.14.05:505][  0]LogConfig: Setting CVar [[r.LightFunctionQuality:1]]
[2022.06.06-03.14.05:506][  0]LogConfig: Setting CVar [[r.ShadowQuality:5]]
[2022.06.06-03.14.05:506][  0]LogConfig: Setting CVar [[r.Shadow.CSM.MaxCascades:10]]
[2022.06.06-03.14.05:507][  0]LogConfig: Setting CVar [[r.Shadow.MaxResolution:2048]]
[2022.06.06-03.14.05:509][  0]LogConfig: Setting CVar [[r.Shadow.MaxCSMResolution:2048]]
[2022.06.06-03.14.05:510][  0]LogConfig: Setting CVar [[r.Shadow.RadiusThreshold:0.01]]
[2022.06.06-03.14.05:510][  0]LogConfig: Setting CVar [[r.Shadow.DistanceScale:1.0]]
[2022.06.06-03.14.05:511][  0]LogConfig: Setting CVar [[r.Shadow.CSM.TransitionScale:1.0]]
[2022.06.06-03.14.05:511][  0]LogConfig: Setting CVar [[r.Shadow.PreShadowResolutionFactor:1.0]]
[2022.06.06-03.14.05:512][  0]LogConfig: Setting CVar [[r.DistanceFieldShadowing:1]]
[2022.06.06-03.14.05:512][  0]LogConfig: Setting CVar [[r.DistanceFieldAO:1]]
[2022.06.06-03.14.05:513][  0]LogConfig: Setting CVar [[r.AOQuality:2]]
[2022.06.06-03.14.05:525][  0]LogConfig: Setting CVar [[r.VolumetricFog:1]]
[2022.06.06-03.14.05:526][  0]LogConfig: Setting CVar [[r.VolumetricFog.GridPixelSize:8]]
[2022.06.06-03.14.05:528][  0]LogConfig: Setting CVar [[r.VolumetricFog.GridSizeZ:128]]
[2022.06.06-03.14.05:528][  0]LogConfig: Setting CVar [[r.VolumetricFog.HistoryMissSupersampleCount:4]]
[2022.06.06-03.14.05:529][  0]LogConfig: Setting CVar [[r.LightMaxDrawDistanceScale:1]]
[2022.06.06-03.14.05:530][  0]LogConfig: Setting CVar [[r.CapsuleShadows:1]]
[2022.06.06-03.14.05:530][  0]LogConfig: Applying CVar settings from Section [PostProcessQuality@3] File [../../../MDS_Networking/Saved/Config/WindowsNoEditor/Scalability.ini]
[2022.06.06-03.14.05:532][  0]LogConfig: Setting CVar [[r.MotionBlurQuality:4]]
[2022.06.06-03.14.05:532][  0]LogConfig: Setting CVar [[r.AmbientOcclusionMipLevelFactor:0.4]]
[2022.06.06-03.14.05:532][  0]LogConfig: Setting CVar [[r.AmbientOcclusionMaxQuality:100]]
[2022.06.06-03.14.05:533][  0]LogConfig: Setting CVar [[r.AmbientOcclusionLevels:-1]]
[2022.06.06-03.14.05:533][  0]LogConfig: Setting CVar [[r.AmbientOcclusionRadiusScale:1.0]]
[2022.06.06-03.14.05:534][  0]LogConfig: Setting CVar [[r.DepthOfFieldQuality:2]]
[2022.06.06-03.14.05:535][  0]LogConfig: Setting CVar [[r.RenderTargetPoolMin:400]]
[2022.06.06-03.14.05:535][  0]LogConfig: Setting CVar [[r.LensFlareQuality:2]]
[2022.06.06-03.14.05:536][  0]LogConfig: Setting CVar [[r.SceneColorFringeQuality:1]]
[2022.06.06-03.14.05:536][  0]LogConfig: Setting CVar [[r.EyeAdaptationQuality:2]]
[2022.06.06-03.14.05:537][  0]LogConfig: Setting CVar [[r.BloomQuality:5]]
[2022.06.06-03.14.05:537][  0]LogConfig: Setting CVar [[r.FastBlurThreshold:100]]
[2022.06.06-03.14.05:538][  0]LogConfig: Setting CVar [[r.Upscale.Quality:3]]
[2022.06.06-03.14.05:539][  0]LogConfig: Setting CVar [[r.Tonemapper.GrainQuantization:1]]
[2022.06.06-03.14.05:539][  0]LogConfig: Setting CVar [[r.LightShaftQuality:1]]
[2022.06.06-03.14.05:540][  0]LogConfig: Setting CVar [[r.Filter.SizeScale:1]]
[2022.06.06-03.14.05:540][  0]LogConfig: Setting CVar [[r.Tonemapper.Quality:5]]
[2022.06.06-03.14.05:541][  0]LogConfig: Setting CVar [[r.DOF.Gather.AccumulatorQuality:1        ; higher gathering accumulator quality]]
[2022.06.06-03.14.05:542][  0]LogConfig: Setting CVar [[r.DOF.Gather.PostfilterMethod:1          ; Median3x3 postfilering method]]
[2022.06.06-03.14.05:543][  0]LogConfig: Setting CVar [[r.DOF.Gather.EnableBokehSettings:0       ; no bokeh simulation when gathering]]
[2022.06.06-03.14.05:543][  0]LogConfig: Setting CVar [[r.DOF.Gather.RingCount:4                 ; medium number of samples when gathering]]
[2022.06.06-03.14.05:544][  0]LogConfig: Setting CVar [[r.DOF.Scatter.ForegroundCompositing:1    ; additive foreground scattering]]
[2022.06.06-03.14.05:544][  0]LogConfig: Setting CVar [[r.DOF.Scatter.BackgroundCompositing:2    ; additive background scattering]]
[2022.06.06-03.14.05:545][  0]LogConfig: Setting CVar [[r.DOF.Scatter.EnableBokehSettings:1      ; bokeh simulation when scattering]]
[2022.06.06-03.14.05:556][  0]LogConfig: Setting CVar [[r.DOF.Scatter.MaxSpriteRatio:0.1         ; only a maximum of 10% of scattered bokeh]]
[2022.06.06-03.14.05:559][  0]LogConfig: Setting CVar [[r.DOF.Recombine.Quality:1                ; cheap slight out of focus]]
[2022.06.06-03.14.05:560][  0]LogConfig: Setting CVar [[r.DOF.Recombine.EnableBokehSettings:0    ; no bokeh simulation on slight out of focus]]
[2022.06.06-03.14.05:560][  0]LogConfig: Setting CVar [[r.DOF.TemporalAAQuality:1                ; more stable temporal accumulation]]
[2022.06.06-03.14.05:562][  0]LogConfig: Setting CVar [[r.DOF.Kernel.MaxForegroundRadius:0.025]]
[2022.06.06-03.14.05:562][  0]LogConfig: Setting CVar [[r.DOF.Kernel.MaxBackgroundRadius:0.025]]
[2022.06.06-03.14.05:563][  0]LogConfig: Applying CVar settings from Section [TextureQuality@3] File [../../../MDS_Networking/Saved/Config/WindowsNoEditor/Scalability.ini]
[2022.06.06-03.14.05:563][  0]LogConfig: Setting CVar [[r.Streaming.MipBias:0]]
[2022.06.06-03.14.05:564][  0]LogConfig: Setting CVar [[r.Streaming.AmortizeCPUToGPUCopy:0]]
[2022.06.06-03.14.05:564][  0]LogConfig: Setting CVar [[r.Streaming.MaxNumTexturesToStreamPerFrame:0]]
[2022.06.06-03.14.05:565][  0]LogConfig: Setting CVar [[r.Streaming.Boost:1]]
[2022.06.06-03.14.05:566][  0]LogConfig: Setting CVar [[r.MaxAnisotropy:8]]
[2022.06.06-03.14.05:566][  0]LogConfig: Setting CVar [[r.VT.MaxAnisotropy:8]]
[2022.06.06-03.14.05:567][  0]LogConfig: Setting CVar [[r.Streaming.LimitPoolSizeToVRAM:0]]
[2022.06.06-03.14.05:567][  0]LogConfig: Setting CVar [[r.Streaming.PoolSize:1000]]
[2022.06.06-03.14.05:568][  0]LogConfig: Setting CVar [[r.Streaming.MaxEffectiveScreenSize:0]]
[2022.06.06-03.14.05:568][  0]LogConfig: Applying CVar settings from Section [EffectsQuality@3] File [../../../MDS_Networking/Saved/Config/WindowsNoEditor/Scalability.ini]
[2022.06.06-03.14.05:569][  0]LogConfig: Setting CVar [[r.TranslucencyLightingVolumeDim:64]]
[2022.06.06-03.14.05:569][  0]LogConfig: Setting CVar [[r.RefractionQuality:2]]
[2022.06.06-03.14.05:570][  0]LogConfig: Setting CVar [[r.SSR.Quality:3]]
[2022.06.06-03.14.05:570][  0]LogConfig: Setting CVar [[r.SSR.HalfResSceneColor:0]]
[2022.06.06-03.14.05:571][  0]LogConfig: Setting CVar [[r.SceneColorFormat:4]]
[2022.06.06-03.14.05:571][  0]LogConfig: Setting CVar [[r.DetailMode:2]]
[2022.06.06-03.14.05:572][  0]LogConfig: Setting CVar [[r.TranslucencyVolumeBlur:1]]
[2022.06.06-03.14.05:572][  0]LogConfig: Setting CVar [[r.MaterialQualityLevel:1 ; High quality]]
[2022.06.06-03.14.05:573][  0]LogConfig: Setting CVar [[r.AnisotropicMaterials:1]]
[2022.06.06-03.14.05:573][  0]LogConfig: Setting CVar [[r.SSS.Scale:1]]
[2022.06.06-03.14.05:574][  0]LogConfig: Setting CVar [[r.SSS.SampleSet:2]]
[2022.06.06-03.14.05:574][  0]LogConfig: Setting CVar [[r.SSS.Quality:1]]
[2022.06.06-03.14.05:576][  0]LogConfig: Setting CVar [[r.SSS.HalfRes:0]]
[2022.06.06-03.14.05:576][  0]LogConfig: Setting CVar [[r.SSGI.Quality:3]]
[2022.06.06-03.14.05:577][  0]LogConfig: Setting CVar [[r.EmitterSpawnRateScale:1.0]]
[2022.06.06-03.14.05:588][  0]LogConfig: Setting CVar [[r.ParticleLightQuality:2]]
[2022.06.06-03.14.05:591][  0]LogConfig: Setting CVar [[r.SkyAtmosphere.AerialPerspectiveLUT.FastApplyOnOpaque:1 ; Always have FastSkyLUT 1 in this case to avoid wrong sky]]
[2022.06.06-03.14.05:592][  0]LogConfig: Setting CVar [[r.SkyAtmosphere.AerialPerspectiveLUT.SampleCountMaxPerSlice:4]]
[2022.06.06-03.14.05:593][  0]LogConfig: Setting CVar [[r.SkyAtmosphere.AerialPerspectiveLUT.DepthResolution:16.0]]
[2022.06.06-03.14.05:594][  0]LogConfig: Setting CVar [[r.SkyAtmosphere.FastSkyLUT:1]]
[2022.06.06-03.14.05:596][  0]LogConfig: Setting CVar [[r.SkyAtmosphere.FastSkyLUT.SampleCountMin:4.0]]
[2022.06.06-03.14.05:597][  0]LogConfig: Setting CVar [[r.SkyAtmosphere.FastSkyLUT.SampleCountMax:128.0]]
[2022.06.06-03.14.05:598][  0]LogConfig: Setting CVar [[r.SkyAtmosphere.SampleCountMin:4.0]]
[2022.06.06-03.14.05:598][  0]LogConfig: Setting CVar [[r.SkyAtmosphere.SampleCountMax:128.0]]
[2022.06.06-03.14.05:599][  0]LogConfig: Setting CVar [[r.SkyAtmosphere.TransmittanceLUT.UseSmallFormat:0]]
[2022.06.06-03.14.05:599][  0]LogConfig: Setting CVar [[r.SkyAtmosphere.TransmittanceLUT.SampleCount:10.0]]
[2022.06.06-03.14.05:600][  0]LogConfig: Setting CVar [[r.SkyAtmosphere.MultiScatteringLUT.SampleCount:15.0]]
[2022.06.06-03.14.05:600][  0]LogConfig: Setting CVar [[r.SkyLight.RealTimeReflectionCapture:1]]
[2022.06.06-03.14.05:601][  0]LogConfig: Setting CVar [[fx.Niagara.QualityLevel:3]]
[2022.06.06-03.14.05:601][  0]LogConfig: Applying CVar settings from Section [FoliageQuality@3] File [../../../MDS_Networking/Saved/Config/WindowsNoEditor/Scalability.ini]
[2022.06.06-03.14.05:602][  0]LogConfig: Setting CVar [[foliage.DensityScale:1.0]]
[2022.06.06-03.14.05:602][  0]LogConfig: Setting CVar [[grass.DensityScale:1.0]]
[2022.06.06-03.14.05:603][  0]LogConfig: Applying CVar settings from Section [ShadingQuality@3] File [../../../MDS_Networking/Saved/Config/WindowsNoEditor/Scalability.ini]
[2022.06.06-03.14.05:603][  0]LogConfig: Setting CVar [[r.HairStrands.SkyLighting.IntegrationType:2]]
[2022.06.06-03.14.05:604][  0]LogConfig: Setting CVar [[r.HairStrands.SkyAO.SampleCount:4]]
[2022.06.06-03.14.05:605][  0]LogConfig: Setting CVar [[r.HairStrands.Visibility.MSAA.SamplePerPixel:4]]
[2022.06.06-03.14.05:605][  0]LogConfig: Applying CVar settings from Section [Startup] File [../../../Engine/Config/ConsoleVariables.ini]
[2022.06.06-03.14.05:606][  0]LogConfig: Setting CVar [[net.UseAdaptiveNetUpdateFrequency:0]]
[2022.06.06-03.14.05:606][  0]LogConfig: Setting CVar [[p.chaos.AllowCreatePhysxBodies:1]]
[2022.06.06-03.14.05:607][  0]LogConfig: Setting CVar [[fx.SkipVectorVMBackendOptimizations:1]]
[2022.06.06-03.14.05:607][  0]LogConfig: Applying CVar settings from Section [ConsoleVariables] File [../../../MDS_Networking/Saved/Config/WindowsNoEditor/Engine.ini]
[2022.06.06-03.14.05:608][  0]LogInit: Computer: LAPTOP-A0JU3L4M
[2022.06.06-03.14.05:609][  0]LogInit: User: micha
[2022.06.06-03.14.05:621][  0]LogInit: CPU Page size=4096, Cores=4
[2022.06.06-03.14.05:622][  0]LogInit: High frequency timer resolution =10.000000 MHz
[2022.06.06-03.14.05:624][  0]LogMemory: Memory total: Physical=15.9GB (16GB approx)
[2022.06.06-03.14.05:625][  0]LogMemory: Platform Memory Stats for WindowsNoEditor
[2022.06.06-03.14.05:626][  0]LogMemory: Process Physical Memory: 103.42 MB used, 103.43 MB peak
[2022.06.06-03.14.05:627][  0]LogMemory: Process Virtual Memory: 89.62 MB used, 89.62 MB peak
[2022.06.06-03.14.05:627][  0]LogMemory: Physical Memory: 8642.47 MB used,  7626.75 MB free, 16269.22 MB total
[2022.06.06-03.14.05:629][  0]LogMemory: Virtual Memory: 134213808.00 MB used,  3920.69 MB free, 134217728.00 MB total
[2022.06.06-03.14.05:634][  0]LogWindows: WindowsPlatformFeatures enabled
[2022.06.06-03.14.05:670][  0]LogInit: Physics initialised using underlying interface: PhysX
[2022.06.06-03.14.05:671][  0]LogInit: Using OS detected language (en-US).
[2022.06.06-03.14.05:673][  0]LogInit: Using OS detected locale (en-NZ).
[2022.06.06-03.14.05:683][  0]LogTextLocalizationManager: No specific localization for 'en-US' exists, so the 'en' localization will be used.
[2022.06.06-03.14.05:725][  0]LogWindowsTextInputMethodSystem: Display: IME system deactivated.
[2022.06.06-03.14.05:755][  0]LogSlate: New Slate User Created.  User Index 0, Is Virtual User: 0
[2022.06.06-03.14.05:755][  0]LogSlate: Slate User Registered.  User Index 0, Is Virtual User: 0
[2022.06.06-03.14.05:795][  0]LogD3D11RHI: Loaded GFSDK_Aftermath_Lib.x64.dll
[2022.06.06-03.14.05:814][  0]LogHMD: Failed to initialize OpenVR with code 110
[2022.06.06-03.14.05:814][  0]LogD3D11RHI: D3D11 min allowed feature level: 11_0
[2022.06.06-03.14.05:814][  0]LogD3D11RHI: D3D11 max allowed feature level: 11_0
[2022.06.06-03.14.05:815][  0]LogD3D11RHI: D3D11 adapters:
[2022.06.06-03.14.05:944][  0]LogD3D11RHI:    0. 'NVIDIA GeForce GTX 1050 Ti' (Feature Level 11_0)
[2022.06.06-03.14.05:944][  0]LogD3D11RHI:       4018/0/8134 MB DedicatedVideo/DedicatedSystem/SharedSystem, Outputs:1, VendorId:0x10de
[2022.06.06-03.14.05:973][  0]LogD3D11RHI:    1. 'Intel(R) HD Graphics 630' (Feature Level 11_0)
[2022.06.06-03.14.05:973][  0]LogD3D11RHI:       128/0/8134 MB DedicatedVideo/DedicatedSystem/SharedSystem, Outputs:0, VendorId:0x8086
[2022.06.06-03.14.05:979][  0]LogD3D11RHI:    2. 'Microsoft Basic Render Driver' (Feature Level 11_0)
[2022.06.06-03.14.05:982][  0]LogD3D11RHI:       0/0/8134 MB DedicatedVideo/DedicatedSystem/SharedSystem, Outputs:0, VendorId:0x1414
[2022.06.06-03.14.05:982][  0]LogD3D11RHI: Chosen D3D11 Adapter:
[2022.06.06-03.14.05:983][  0]LogD3D11RHI:     Description : NVIDIA GeForce GTX 1050 Ti
[2022.06.06-03.14.05:988][  0]LogD3D11RHI:     VendorId    : 10de
[2022.06.06-03.14.05:988][  0]LogD3D11RHI:     DeviceId    : 1c8c
[2022.06.06-03.14.05:996][  0]LogD3D11RHI:     SubSysId    : 8259103c
[2022.06.06-03.14.05:997][  0]LogD3D11RHI:     Revision    : 00a1
[2022.06.06-03.14.05:997][  0]LogD3D11RHI:     DedicatedVideoMemory : 4213178368 bytes
[2022.06.06-03.14.05:998][  0]LogD3D11RHI:     DedicatedSystemMemory : 0 bytes
[2022.06.06-03.14.05:998][  0]LogD3D11RHI:     SharedSystemMemory : 8529758208 bytes
[2022.06.06-03.14.05:999][  0]LogD3D11RHI:     AdapterLuid : 0 91110
[2022.06.06-03.14.06:014][  0]LogD3D11RHI: Creating new Direct3DDevice
[2022.06.06-03.14.06:015][  0]LogD3D11RHI:     GPU DeviceId: 0x1c8c (for the marketing name, search the web for "GPU Device Id")
[2022.06.06-03.14.06:018][  0]LogWindows: EnumDisplayDevices:
[2022.06.06-03.14.06:019][  0]LogWindows:    0. 'Intel(R) HD Graphics 630' (P:1 D:1)
[2022.06.06-03.14.06:026][  0]LogWindows:    1. 'Intel(R) HD Graphics 630' (P:0 D:0)
[2022.06.06-03.14.06:027][  0]LogWindows:    2. 'Intel(R) HD Graphics 630' (P:0 D:0)
[2022.06.06-03.14.06:028][  0]LogWindows:    3. 'NVIDIA GeForce GTX 1050 Ti' (P:0 D:0)
[2022.06.06-03.14.06:028][  0]LogWindows: DebugString: PrimaryIsNotTheChoosenAdapter PrimaryIsNotTheChoosenAdapter PrimaryIsNotTheChoosenAdapter 
[2022.06.06-03.14.06:029][  0]LogD3D11RHI:     Adapter Name: NVIDIA GeForce GTX 1050 Ti
[2022.06.06-03.14.06:029][  0]LogD3D11RHI:   Driver Version: 445.87 (internal:26.21.14.4587, unified:445.87)
[2022.06.06-03.14.06:030][  0]LogD3D11RHI:      Driver Date: 4-3-2020
[2022.06.06-03.14.06:030][  0]LogRHI: Texture pool is 2812 MB (70% of 4018 MB)
[2022.06.06-03.14.06:030][  0]LogD3D11RHI: Creating D3DDevice using adapter:
[2022.06.06-03.14.06:031][  0]LogD3D11RHI:     Description : NVIDIA GeForce GTX 1050 Ti
[2022.06.06-03.14.06:037][  0]LogD3D11RHI:     VendorId    : 10de
[2022.06.06-03.14.06:038][  0]LogD3D11RHI:     DeviceId    : 1c8c
[2022.06.06-03.14.06:045][  0]LogD3D11RHI:     SubSysId    : 8259103c
[2022.06.06-03.14.06:046][  0]LogD3D11RHI:     Revision    : 00a1
[2022.06.06-03.14.06:046][  0]LogD3D11RHI:     DedicatedVideoMemory : 4213178368 bytes
[2022.06.06-03.14.06:047][  0]LogD3D11RHI:     DedicatedSystemMemory : 0 bytes
[2022.06.06-03.14.06:051][  0]LogD3D11RHI:     SharedSystemMemory : 8529758208 bytes
[2022.06.06-03.14.06:052][  0]LogD3D11RHI:     AdapterLuid : 0 91110
[2022.06.06-03.14.06:139][  0]LogD3D11RHI: RHI has support for 64 bit atomics
[2022.06.06-03.14.06:139][  0]LogD3D11RHI: Async texture creation enabled
[2022.06.06-03.14.06:146][  0]LogD3D11RHI: Array index from any shader is supported
[2022.06.06-03.14.06:166][  0]LogD3D11RHI: GPU Timing Frequency: 1000.000000 (Debug: 2 1)
[2022.06.06-03.14.06:235][  0]LogRHI: GeForceNow SDK initialized: 1
[2022.06.06-03.14.06:235][  0]LogRendererCore: Ray tracing is disabled. Reason: r.RayTracing=0.
[2022.06.06-03.14.06:242][  0]LogShaderLibrary: Display: Using ../../../MDS_Networking/Content/ShaderArchive-Global-PCD3D_SM5.ushaderbytecode for material shader code. Total 1951 unique shaders.
[2022.06.06-03.14.06:244][  0]LogShaderLibrary: Display: Cooked Context: Using Shared Shader Library Global
[2022.06.06-03.14.06:244][  0]LogShaderLibrary: Display: Logical shader library 'Global' has been created, components 1
[2022.06.06-03.14.06:245][  0]LogTemp: Warning: Clearing the OS Cache
[2022.06.06-03.14.06:246][  0]LogODSC: ODSC Thread active.
[2022.06.06-03.14.06:249][  0]LogPakFile: New pak file ../../../MDS_Networking/Content/Paks/MDS_Networking-WindowsNoEditor.pak added to pak precacher.
[2022.06.06-03.14.06:285][  0]LogSlate: Using FreeType 2.10.0
[2022.06.06-03.14.06:286][  0]LogSlate: SlateFontServices - WITH_FREETYPE: 1, WITH_HARFBUZZ: 1
[2022.06.06-03.14.06:403][  0]LogShaderLibrary: Display: Using ../../../MDS_Networking/Content/ShaderArchive-MDS_Networking-PCD3D_SM5.ushaderbytecode for material shader code. Total 2645 unique shaders.
[2022.06.06-03.14.06:404][  0]LogShaderLibrary: Display: Cooked Context: Using Shared Shader Library MDS_Networking
[2022.06.06-03.14.06:408][  0]LogShaderLibrary: Display: Logical shader library 'MDS_Networking' has been created, components 1
[2022.06.06-03.14.06:423][  0]LogRHI: Display: Opened pipeline cache after state change and enqueued 0 of 0 tasks for precompile.
[2022.06.06-03.14.06:434][  0]LogShaderLibrary: Display: Using ../../../MDS_Networking/Content/ShaderArchive-MDS_Networking-PCD3D_SM5.ushaderbytecode for material shader code. Total 2645 unique shaders.
[2022.06.06-03.14.06:434][  0]LogShaderLibrary: Display: Cooked Context: Using Shared Shader Library MDS_Networking
[2022.06.06-03.14.06:435][  0]LogRHI: Display: Opened pipeline cache after state change and enqueued 0 of 0 tasks for precompile.
[2022.06.06-03.14.06:435][  0]LogRHI: Display: Failed to open default shader pipeline cache for MDS_Networking using shader platform 0.
[2022.06.06-03.14.06:436][  0]LogInit: Using OS detected language (en-US).
[2022.06.06-03.14.06:436][  0]LogInit: Using OS detected locale (en-NZ).
[2022.06.06-03.14.06:437][  0]LogTextLocalizationManager: No localization for 'en-US' exists, so 'en' will be used for the language.
[2022.06.06-03.14.06:437][  0]LogTextLocalizationManager: No localization for 'en-NZ' exists, so 'en' will be used for the locale.
[2022.06.06-03.14.06:437][  0]LogSlate: FontCache flush requested. Reason: Culture for localization was changed
[2022.06.06-03.14.06:438][  0]LogSlate: FontCache flush requested. Reason: Culture for localization was changed
[2022.06.06-03.14.06:453][  0]LogTextLocalizationManager: Compacting localization data took   1.30ms
[2022.06.06-03.14.06:453][  0]LogAssetRegistry: FAssetRegistry took 0.0021 seconds to start up
[2022.06.06-03.14.06:551][  0]LogStreaming: Display: FlushAsyncLoading: 1 QueuedPackages, 0 AsyncPackages
[2022.06.06-03.14.06:552][  0]LogPackageLocalizationCache: Processed 26 localized package path(s) for 1 prioritized culture(s) in 0.000106 seconds
[2022.06.06-03.14.06:562][  0]LogSerialization: Display: AllowBulkDataInIoStore: 'true'
[2022.06.06-03.14.06:562][  0]LogInit: Selected Device Profile: [WindowsNoEditor]
[2022.06.06-03.14.06:563][  0]LogInit: Active device profile: [000001ECD72B2080][000001ECC68BDB70 49] WindowsNoEditor
[2022.06.06-03.14.06:563][  0]LogInit: Profiles: [000001ECD72B2380][000001ECD69FDB70 49] Windows, [000001ECD72B2080][000001ECC68BDB70 49] WindowsNoEditor, 
[2022.06.06-03.14.06:589][  0]LogNetVersion: MDS_Networking 1.0.0, NetCL: 17155196, EngineNetVer: 17, GameNetVer: 0 (Checksum: 1846999902)
[2022.06.06-03.14.06:639][  0]LogAudioCaptureCore: Display: No Audio Capture implementations found. Audio input will be silent.
[2022.06.06-03.14.06:639][  0]LogAudioCaptureCore: Display: No Audio Capture implementations found. Audio input will be silent.
[2022.06.06-03.14.06:648][  0]LogHMD: PokeAHoleMaterial loaded successfully
[2022.06.06-03.14.06:667][  0]LogActor: Warning: SetReplicates called on non-initialized actor Default__MDS_NetworkingProjectile. Directly setting bReplicates is the correct procedure for pre-init actors.
[2022.06.06-03.14.06:668][  0]LogActor: Warning: SetReplicates called on non-initialized actor Default__FirstPersonProjectile_C. Directly setting bReplicates is the correct procedure for pre-init actors.
[2022.06.06-03.14.06:676][  0]LogTemp: Warning: [MDS_NetworkingPlayerController] found Subsystem Steam
[2022.06.06-03.14.06:713][  0]LogMoviePlayer: Initializing movie player
[2022.06.06-03.14.06:714][  0]LogNiagaraDebuggerClient: Niagara Debugger Client Initialized | Session: 4017DB2A4D671AB126E970A8B8A5E8F0 | Instance: 97A08B3D4E341D73D4D9BBBC39C40AD6 (LAPTOP-A0JU3L4M-10520).
[2022.06.06-03.14.06:718][  0]LogAndroidPermission: UAndroidPermissionCallbackProxy::GetInstance
[2022.06.06-03.14.06:722][  0]LogOcInput: OculusInput pre-init called
[2022.06.06-03.14.06:732][  0]LogUObjectArray: 15977 objects as part of root set at end of initial load.
[2022.06.06-03.14.06:732][  0]LogUObjectArray: 2 objects are not in the root set, but can never be destroyed because they are in the DisregardForGC set.
[2022.06.06-03.14.06:732][  0]LogUObjectAllocator: 3323448 out of 0 bytes used by permanent object pool.
[2022.06.06-03.14.06:733][  0]LogUObjectArray: CloseDisregardForGC: 15977/15977 objects in disregard for GC pool
[2022.06.06-03.14.06:734][  0]LogEngine: Initializing Engine...
[2022.06.06-03.14.06:742][  0]LogHMD: Failed to enumerate extensions. Please check that you have a valid OpenXR runtime installed.
[2022.06.06-03.14.06:746][  0]LogHMD: Failed to initialize OpenVR with code 110
[2022.06.06-03.14.06:747][  0]LogStats: UGameplayTagsManager::InitializeManager -  0.000 s
[2022.06.06-03.14.06:809][  0]LogInit: Initializing FReadOnlyCVARCache
[2022.06.06-03.14.06:809][  0]LogAudio: Display: Initializing Audio Device Manager...
[2022.06.06-03.14.06:814][  0]LogAudio: Display: Loading Default Audio Settings Objects...
[2022.06.06-03.14.06:820][  0]LogAudio: Display: No default SoundConcurrencyObject specified (or failed to load).
[2022.06.06-03.14.06:820][  0]LogAudio: Display: Audio Device Manager Initialized
[2022.06.06-03.14.06:821][  0]LogAudio: Display: Creating Audio Device:                 Id: 1, Scope: Shared, Realtime: True
[2022.06.06-03.14.06:822][  0]LogAudioMixer: Display: Audio Mixer Platform Settings:
[2022.06.06-03.14.06:822][  0]LogAudioMixer: Display: 	Sample Rate:						  48000
[2022.06.06-03.14.06:823][  0]LogAudioMixer: Display: 	Callback Buffer Frame Size Requested: 1024
[2022.06.06-03.14.06:823][  0]LogAudioMixer: Display: 	Callback Buffer Frame Size To Use:	  1024
[2022.06.06-03.14.06:824][  0]LogAudioMixer: Display: 	Number of buffers to queue:			  2
[2022.06.06-03.14.06:825][  0]LogAudioMixer: Display: 	Max Channels (voices):				  32
[2022.06.06-03.14.06:825][  0]LogAudioMixer: Display: 	Number of Async Source Workers:		  0
[2022.06.06-03.14.06:826][  0]LogAudio: Display: AudioDevice MaxSources: 32
[2022.06.06-03.14.06:826][  0]LogAudio: Display: Audio Spatialization Plugin: None (built-in).
[2022.06.06-03.14.06:827][  0]LogAudio: Display: Audio Reverb Plugin: None (built-in).
[2022.06.06-03.14.06:827][  0]LogAudio: Display: Audio Occlusion Plugin: None (built-in).
[2022.06.06-03.14.06:828][  0]LogAudioMixer: Display: Initializing audio mixer.
[2022.06.06-03.14.06:844][  0]LogAudioDebug: Display: Lib vorbis DLL was dynamically loaded.
[2022.06.06-03.14.06:857][  0]LogAudioMixer: Display: 0: FrontLeft
[2022.06.06-03.14.06:857][  0]LogAudioMixer: Display: 1: FrontRight
[2022.06.06-03.14.06:884][  0]LogAudioMixer: Display: Using Audio Device Speaker/Headphone (Realtek High Definition Audio)
[2022.06.06-03.14.06:885][  0]LogAudioMixer: Display: Initializing Sound Submixes...
[2022.06.06-03.14.06:888][  0]LogAudioMixer: Display: Creating Master Submix 'MasterSubmixDefault'
[2022.06.06-03.14.06:893][  0]LogAudioMixer: Display: Creating Master Submix 'MasterReverbSubmixDefault'
[2022.06.06-03.14.06:895][  0]LogAudioMixer: Display: Creating Master Submix 'MasterEQSubmixDefault'
[2022.06.06-03.14.06:896][  0]LogAudioMixer: FMixerPlatformXAudio2::StartAudioStream() called
[2022.06.06-03.14.06:896][  0]LogAudioMixer: Display: Output buffers initialized: Frames=1024, Channels=2, Samples=2048
[2022.06.06-03.14.06:898][  0]LogAudioMixer: Display: Starting AudioMixerPlatformInterface::RunInternal()
[2022.06.06-03.14.06:898][  0]LogAudioMixer: Display: FMixerPlatformXAudio2::SubmitBuffer() called for the first time
[2022.06.06-03.14.06:899][  0]LogInit: FAudioDevice initialized.
[2022.06.06-03.14.06:901][  0]LogNetVersion: Set ProjectVersion to 1.0.0.0. Version Checksum will be recalculated on next use.
[2022.06.06-03.14.06:901][  0]LogInit: Texture streaming: Enabled
[2022.06.06-03.14.06:915][  0]LogAudio: Display: Audio Device (ID: 1) registered with world 'Untitled'.
[2022.06.06-03.14.06:917][  0]LogSlate: Updating window title bar state: overlay mode, drag disabled, window buttons hidden, title bar hidden
[2022.06.06-03.14.06:918][  0]LogInit: Display: Game Engine Initialized.
[2022.06.06-03.14.06:919][  0]LogInit: Display: Starting Game.
[2022.06.06-03.14.06:919][  0]LogNet: Browse: /Game/FirstPersonCPP/Maps/FirstPersonExampleMap?Name=Player
[2022.06.06-03.14.06:920][  0]LogLoad: LoadMap: /Game/FirstPersonCPP/Maps/FirstPersonExampleMap?Name=Player
[2022.06.06-03.14.06:921][  0]LogWorld: BeginTearingDown for /Temp/Untitled_0
[2022.06.06-03.14.06:924][  0]LogWorld: UWorld::CleanupWorld for Untitled, bSessionEnded=true, bCleanupResources=true
[2022.06.06-03.14.06:924][  0]LogSlate: InvalidateAllWidgets triggered.  All widgets were invalidated
[2022.06.06-03.14.06:928][  0]LogAudio: Display: Audio Device unregistered from world 'None'.
[2022.06.06-03.14.06:931][  0]LogUObjectHash: Compacting FUObjectHashTables data took   1.09ms
[2022.06.06-03.14.06:971][  0]LogAudio: Display: Audio Device (ID: 1) registered with world 'FirstPersonExampleMap'.
[2022.06.06-03.14.06:973][  0]LogAIModule: Creating AISystem for world FirstPersonExampleMap
[2022.06.06-03.14.06:984][  0]LogLoad: Game class is 'FirstPersonGameMode_C'
[2022.06.06-03.14.06:994][  0]LogWorld: Bringing World /Game/FirstPersonCPP/Maps/FirstPersonExampleMap.FirstPersonExampleMap up for play (max tick rate 0) at 2022.06.06-15.14.06
[2022.06.06-03.14.06:995][  0]LogWorld: Bringing up level for play took: 0.005605
[2022.06.06-03.14.07:001][  0]LogLoad: Took 0.080952 seconds to LoadMap(/Game/FirstPersonCPP/Maps/FirstPersonExampleMap)
[2022.06.06-03.14.07:006][  0]LogSlate: Took 0.000680 seconds to synchronously load lazily loaded font '../../../Engine/Content/EngineFonts/Faces/RobotoBold.ufont' (160K)
[2022.06.06-03.14.07:066][  0]LogSlate: Took 0.000459 seconds to synchronously load lazily loaded font '../../../Engine/Content/Slate/Fonts/Roboto-Regular.ttf' (155K)
[2022.06.06-03.14.07:112][  0]LogRenderer: Reallocating scene render targets to support 1536x864 Format 10 NumSamples 1 (Frame:1).
[2022.06.06-03.14.07:112][  0]LogRHI: Display: ShaderPipelineCache: Paused Batching. 1
[2022.06.06-03.14.07:116][  0]LogPakFile: AllPaks IndexSizes: DirectoryHashSize=279400, PathHashSize=16, EntriesSize=53248, TotalSize=332664
[2022.06.06-03.14.07:123][  0]LogRHI: Display: ShaderPipelineCache: Resumed Batching. 0
[2022.06.06-03.14.07:124][  0]LogRHI: Display: ShaderPipelineCache: Batching Resumed.
[2022.06.06-03.14.07:124][  0]LogInit: Display: Engine is initialized. Leaving FEngineLoop::Init()
[2022.06.06-03.14.07:125][  0]LogLoad: (Engine Initialization) Total time: 5.21 seconds
[2022.06.06-03.14.07:128][  0]LogContentStreaming: Texture pool size now 1000 MB
[2022.06.06-03.14.07:129][  0]LogSlate: InvalidateAllWidgets triggered.  All widgets were invalidated
[2022.06.06-03.14.07:176][  0]LogRenderer: Reallocating scene render targets to support 128x128 Format 10 NumSamples 1 (Frame:1).
[2022.06.06-03.14.07:204][  0]LogRenderer: Reallocating scene render targets to support 1536x864 Format 10 NumSamples 1 (Frame:2).
[2022.06.06-03.14.07:226][  0]LogSlate: Slate font cache was flushed
[2022.06.06-03.14.07:232][  1]LogSlate: Took 0.000494 seconds to synchronously load lazily loaded font '../../../Engine/Content/Slate/Fonts/Roboto-Regular.ttf' (155K)
[2022.06.06-03.14.07:235][  1]LogSlate: Took 0.000406 seconds to synchronously load lazily loaded font '../../../Engine/Content/EngineFonts/Faces/RobotoBold.ufont' (160K)
[2022.06.06-03.14.07:305][  9]LogPakFile: Precache HighWater 16MB

[2022.06.06-03.14.10:414][440]LogActor: Warning: SetReplicates called on non-initialized actor FirstPersonProjectile_C_2147482529. Directly setting bReplicates is the correct procedure for pre-init actors.
